{"C:\\Users\\star5\\Downloads\\rivals-arena---tournament-manager\\src\\App.tsx": {"path":"C:\\Users\\star5\\Downloads\\rivals-arena---tournament-manager\\src\\App.tsx","statementMap":{"0":{"start":{"line":8,"column":22},"end":{"line":25,"column":null}},"1":{"start":{"line":9,"column":2},"end":{"line":23,"column":null}}},"fnMap":{"0":{"name":"(anonymous_0)","decl":{"start":{"line":8,"column":22},"end":{"line":8,"column":28}},"loc":{"start":{"line":8,"column":28},"end":{"line":25,"column":null}},"line":8}},"branchMap":{},"s":{"0":1,"1":1},"f":{"0":1},"b":{},"meta":{"lastBranch":0,"lastFunction":1,"lastStatement":2,"seen":{"s:8:22:25:Infinity":0,"f:8:22:8:28":0,"s:9:2:23:Infinity":1}}}
,"C:\\Users\\star5\\Downloads\\rivals-arena---tournament-manager\\src\\types.ts": {"path":"C:\\Users\\star5\\Downloads\\rivals-arena---tournament-manager\\src\\types.ts","statementMap":{"0":{"start":{"line":1,"column":7},"end":{"line":1,"column":null}},"1":{"start":{"line":2,"column":2},"end":{"line":2,"column":null}},"2":{"start":{"line":3,"column":2},"end":{"line":3,"column":null}},"3":{"start":{"line":4,"column":2},"end":{"line":4,"column":null}},"4":{"start":{"line":1,"column":12},"end":{"line":1,"column":null}},"5":{"start":{"line":7,"column":7},"end":{"line":7,"column":null}},"6":{"start":{"line":8,"column":2},"end":{"line":8,"column":null}},"7":{"start":{"line":9,"column":2},"end":{"line":9,"column":null}},"8":{"start":{"line":10,"column":2},"end":{"line":10,"column":null}},"9":{"start":{"line":7,"column":12},"end":{"line":7,"column":null}},"10":{"start":{"line":13,"column":7},"end":{"line":13,"column":null}},"11":{"start":{"line":14,"column":2},"end":{"line":14,"column":null}},"12":{"start":{"line":15,"column":2},"end":{"line":15,"column":null}},"13":{"start":{"line":16,"column":2},"end":{"line":16,"column":null}},"14":{"start":{"line":17,"column":2},"end":{"line":17,"column":null}},"15":{"start":{"line":18,"column":2},"end":{"line":18,"column":null}},"16":{"start":{"line":13,"column":12},"end":{"line":13,"column":null}}},"fnMap":{"0":{"name":"(anonymous_0)","decl":{"start":{"line":1,"column":7},"end":{"line":1,"column":12}},"loc":{"start":{"line":1,"column":7},"end":{"line":1,"column":null}},"line":1},"1":{"name":"(anonymous_1)","decl":{"start":{"line":7,"column":7},"end":{"line":7,"column":12}},"loc":{"start":{"line":7,"column":7},"end":{"line":7,"column":null}},"line":7},"2":{"name":"(anonymous_2)","decl":{"start":{"line":13,"column":7},"end":{"line":13,"column":12}},"loc":{"start":{"line":13,"column":7},"end":{"line":13,"column":null}},"line":13}},"branchMap":{"0":{"loc":{"start":{"line":1,"column":12},"end":{"line":1,"column":null}},"type":"binary-expr","locations":[{"start":{"line":1,"column":12},"end":{"line":1,"column":null}},{"start":{"line":1,"column":12},"end":{"line":1,"column":null}}],"line":1},"1":{"loc":{"start":{"line":7,"column":12},"end":{"line":7,"column":null}},"type":"binary-expr","locations":[{"start":{"line":7,"column":12},"end":{"line":7,"column":null}},{"start":{"line":7,"column":12},"end":{"line":7,"column":null}}],"line":7},"2":{"loc":{"start":{"line":13,"column":12},"end":{"line":13,"column":null}},"type":"binary-expr","locations":[{"start":{"line":13,"column":12},"end":{"line":13,"column":null}},{"start":{"line":13,"column":12},"end":{"line":13,"column":null}}],"line":13}},"s":{"0":1,"1":1,"2":1,"3":1,"4":1,"5":1,"6":1,"7":1,"8":1,"9":1,"10":1,"11":1,"12":1,"13":1,"14":1,"15":1,"16":1},"f":{"0":1,"1":1,"2":1},"b":{"0":[1,1],"1":[1,1],"2":[1,1]},"meta":{"lastBranch":3,"lastFunction":3,"lastStatement":17,"seen":{"s:1:7:1:Infinity":0,"f:1:7:1:12":0,"s:2:2:2:Infinity":1,"s:3:2:3:Infinity":2,"s:4:2:4:Infinity":3,"s:1:12:1:Infinity":4,"b:1:12:1:Infinity:1:12:1:Infinity":0,"s:7:7:7:Infinity":5,"f:7:7:7:12":1,"s:8:2:8:Infinity":6,"s:9:2:9:Infinity":7,"s:10:2:10:Infinity":8,"s:7:12:7:Infinity":9,"b:7:12:7:Infinity:7:12:7:Infinity":1,"s:13:7:13:Infinity":10,"f:13:7:13:12":2,"s:14:2:14:Infinity":11,"s:15:2:15:Infinity":12,"s:16:2:16:Infinity":13,"s:17:2:17:Infinity":14,"s:18:2:18:Infinity":15,"s:13:12:13:Infinity":16,"b:13:12:13:Infinity:13:12:13:Infinity":2}}}
,"C:\\Users\\star5\\Downloads\\rivals-arena---tournament-manager\\src\\components\\Bracket.tsx": {"path":"C:\\Users\\star5\\Downloads\\rivals-arena---tournament-manager\\src\\components\\Bracket.tsx","statementMap":{"0":{"start":{"line":11,"column":40},"end":{"line":95,"column":null}},"1":{"start":{"line":12,"column":2},"end":{"line":22,"column":null}},"2":{"start":{"line":13,"column":4},"end":{"line":20,"column":null}},"3":{"start":{"line":30,"column":22},"end":{"line":30,"column":null}},"4":{"start":{"line":31,"column":21},"end":{"line":31,"column":null}},"5":{"start":{"line":32,"column":27},"end":{"line":32,"column":null}},"6":{"start":{"line":34,"column":36},"end":{"line":34,"column":null}},"7":{"start":{"line":35,"column":37},"end":{"line":35,"column":null}},"8":{"start":{"line":37,"column":2},"end":{"line":41,"column":null}},"9":{"start":{"line":38,"column":21},"end":{"line":38,"column":null}},"10":{"start":{"line":39,"column":4},"end":{"line":39,"column":null}},"11":{"start":{"line":40,"column":4},"end":{"line":40,"column":null}},"12":{"start":{"line":43,"column":2},"end":{"line":93,"column":null}},"13":{"start":{"line":50,"column":13},"end":{"line":56,"column":null}},"14":{"start":{"line":82,"column":13},"end":{"line":88,"column":null}},"15":{"start":{"line":98,"column":22},"end":{"line":122,"column":null}},"16":{"start":{"line":99,"column":2},"end":{"line":120,"column":null}},"17":{"start":{"line":102,"column":8},"end":{"line":118,"column":null}},"18":{"start":{"line":124,"column":18},"end":{"line":197,"column":null}},"19":{"start":{"line":125,"column":22},"end":{"line":125,"column":null}},"20":{"start":{"line":126,"column":16},"end":{"line":126,"column":null}},"21":{"start":{"line":128,"column":22},"end":{"line":137,"column":null}},"22":{"start":{"line":129,"column":4},"end":{"line":129,"column":null}},"23":{"start":{"line":129,"column":42},"end":{"line":129,"column":null}},"24":{"start":{"line":130,"column":4},"end":{"line":130,"column":null}},"25":{"start":{"line":130,"column":38},"end":{"line":130,"column":null}},"26":{"start":{"line":131,"column":22},"end":{"line":131,"column":null}},"27":{"start":{"line":132,"column":22},"end":{"line":132,"column":null}},"28":{"start":{"line":133,"column":21},"end":{"line":133,"column":null}},"29":{"start":{"line":134,"column":4},"end":{"line":136,"column":null}},"30":{"start":{"line":135,"column":8},"end":{"line":135,"column":null}},"31":{"start":{"line":139,"column":18},"end":{"line":167,"column":null}},"32":{"start":{"line":140,"column":4},"end":{"line":146,"column":null}},"33":{"start":{"line":141,"column":7},"end":{"line":144,"column":null}},"34":{"start":{"line":147,"column":4},"end":{"line":165,"column":null}},"35":{"start":{"line":169,"column":2},"end":{"line":195,"column":null}},"36":{"start":{"line":181,"column":25},"end":{"line":181,"column":null}},"37":{"start":{"line":187,"column":25},"end":{"line":187,"column":null}}},"fnMap":{"0":{"name":"(anonymous_0)","decl":{"start":{"line":11,"column":40},"end":{"line":11,"column":41}},"loc":{"start":{"line":11,"column":81},"end":{"line":95,"column":null}},"line":11},"1":{"name":"(anonymous_1)","decl":{"start":{"line":37,"column":27},"end":{"line":37,"column":36}},"loc":{"start":{"line":37,"column":36},"end":{"line":41,"column":3}},"line":37},"2":{"name":"(anonymous_2)","decl":{"start":{"line":49,"column":30},"end":{"line":49,"column":31}},"loc":{"start":{"line":50,"column":13},"end":{"line":56,"column":null}},"line":50},"3":{"name":"(anonymous_3)","decl":{"start":{"line":81,"column":31},"end":{"line":81,"column":32}},"loc":{"start":{"line":82,"column":13},"end":{"line":88,"column":null}},"line":82},"4":{"name":"(anonymous_4)","decl":{"start":{"line":98,"column":22},"end":{"line":98,"column":23}},"loc":{"start":{"line":98,"column":143},"end":{"line":122,"column":null}},"line":98},"5":{"name":"(anonymous_5)","decl":{"start":{"line":101,"column":19},"end":{"line":101,"column":null}},"loc":{"start":{"line":102,"column":8},"end":{"line":118,"column":null}},"line":102},"6":{"name":"(anonymous_6)","decl":{"start":{"line":124,"column":18},"end":{"line":124,"column":19}},"loc":{"start":{"line":124,"column":131},"end":{"line":197,"column":null}},"line":124},"7":{"name":"(anonymous_7)","decl":{"start":{"line":128,"column":22},"end":{"line":128,"column":23}},"loc":{"start":{"line":128,"column":43},"end":{"line":137,"column":null}},"line":128},"8":{"name":"(anonymous_8)","decl":{"start":{"line":139,"column":18},"end":{"line":139,"column":19}},"loc":{"start":{"line":139,"column":138},"end":{"line":167,"column":null}},"line":139},"9":{"name":"(anonymous_9)","decl":{"start":{"line":181,"column":19},"end":{"line":181,"column":25}},"loc":{"start":{"line":181,"column":25},"end":{"line":181,"column":null}},"line":181},"10":{"name":"(anonymous_10)","decl":{"start":{"line":187,"column":19},"end":{"line":187,"column":25}},"loc":{"start":{"line":187,"column":25},"end":{"line":187,"column":null}},"line":187}},"branchMap":{"0":{"loc":{"start":{"line":12,"column":2},"end":{"line":22,"column":null}},"type":"if","locations":[{"start":{"line":12,"column":2},"end":{"line":22,"column":null}},{"start":{},"end":{}}],"line":12},"1":{"loc":{"start":{"line":12,"column":6},"end":{"line":12,"column":40}},"type":"binary-expr","locations":[{"start":{"line":12,"column":6},"end":{"line":12,"column":18}},{"start":{"line":12,"column":18},"end":{"line":12,"column":40}}],"line":12},"2":{"loc":{"start":{"line":69,"column":12},"end":{"line":75,"column":null}},"type":"binary-expr","locations":[{"start":{"line":69,"column":12},"end":{"line":69,"column":59}},{"start":{"line":69,"column":59},"end":{"line":69,"column":null}},{"start":{"line":70,"column":14},"end":{"line":75,"column":null}}],"line":69},"3":{"loc":{"start":{"line":73,"column":31},"end":{"line":73,"column":null}},"type":"cond-expr","locations":[{"start":{"line":73,"column":71},"end":{"line":73,"column":96}},{"start":{"line":73,"column":96},"end":{"line":73,"column":null}}],"line":73},"4":{"loc":{"start":{"line":104,"column":13},"end":{"line":109,"column":null}},"type":"binary-expr","locations":[{"start":{"line":104,"column":13},"end":{"line":104,"column":null}},{"start":{"line":105,"column":14},"end":{"line":109,"column":null}}],"line":104},"5":{"loc":{"start":{"line":115,"column":13},"end":{"line":116,"column":null}},"type":"binary-expr","locations":[{"start":{"line":115,"column":13},"end":{"line":115,"column":null}},{"start":{"line":116,"column":15},"end":{"line":116,"column":null}}],"line":115},"6":{"loc":{"start":{"line":129,"column":4},"end":{"line":129,"column":null}},"type":"if","locations":[{"start":{"line":129,"column":4},"end":{"line":129,"column":null}},{"start":{},"end":{}}],"line":129},"7":{"loc":{"start":{"line":129,"column":8},"end":{"line":129,"column":42}},"type":"binary-expr","locations":[{"start":{"line":129,"column":8},"end":{"line":129,"column":20}},{"start":{"line":129,"column":20},"end":{"line":129,"column":35}},{"start":{"line":129,"column":35},"end":{"line":129,"column":42}}],"line":129},"8":{"loc":{"start":{"line":130,"column":4},"end":{"line":130,"column":null}},"type":"if","locations":[{"start":{"line":130,"column":4},"end":{"line":130,"column":null}},{"start":{},"end":{}}],"line":130},"9":{"loc":{"start":{"line":130,"column":8},"end":{"line":130,"column":38}},"type":"binary-expr","locations":[{"start":{"line":130,"column":8},"end":{"line":130,"column":24}},{"start":{"line":130,"column":24},"end":{"line":130,"column":38}}],"line":130},"10":{"loc":{"start":{"line":131,"column":22},"end":{"line":131,"column":null}},"type":"cond-expr","locations":[{"start":{"line":131,"column":37},"end":{"line":131,"column":56}},{"start":{"line":131,"column":56},"end":{"line":131,"column":null}}],"line":131},"11":{"loc":{"start":{"line":132,"column":22},"end":{"line":132,"column":null}},"type":"cond-expr","locations":[{"start":{"line":132,"column":37},"end":{"line":132,"column":56}},{"start":{"line":132,"column":56},"end":{"line":132,"column":null}}],"line":132},"12":{"loc":{"start":{"line":133,"column":21},"end":{"line":133,"column":null}},"type":"cond-expr","locations":[{"start":{"line":133,"column":45},"end":{"line":133,"column":62}},{"start":{"line":133,"column":62},"end":{"line":133,"column":null}}],"line":133},"13":{"loc":{"start":{"line":134,"column":4},"end":{"line":136,"column":null}},"type":"if","locations":[{"start":{"line":134,"column":4},"end":{"line":136,"column":null}},{"start":{},"end":{}}],"line":134},"14":{"loc":{"start":{"line":140,"column":4},"end":{"line":146,"column":null}},"type":"if","locations":[{"start":{"line":140,"column":4},"end":{"line":146,"column":null}},{"start":{},"end":{}}],"line":140},"15":{"loc":{"start":{"line":152,"column":12},"end":{"line":152,"column":46}},"type":"cond-expr","locations":[{"start":{"line":152,"column":23},"end":{"line":152,"column":44}},{"start":{"line":152,"column":44},"end":{"line":152,"column":46}}],"line":152},"16":{"loc":{"start":{"line":153,"column":12},"end":{"line":153,"column":88}},"type":"cond-expr","locations":[{"start":{"line":153,"column":48},"end":{"line":153,"column":86}},{"start":{"line":153,"column":86},"end":{"line":153,"column":88}}],"line":153},"17":{"loc":{"start":{"line":153,"column":12},"end":{"line":153,"column":48}},"type":"binary-expr","locations":[{"start":{"line":153,"column":12},"end":{"line":153,"column":28}},{"start":{"line":153,"column":28},"end":{"line":153,"column":38}},{"start":{"line":153,"column":38},"end":{"line":153,"column":48}}],"line":153},"18":{"loc":{"start":{"line":157,"column":11},"end":{"line":157,"column":null}},"type":"binary-expr","locations":[{"start":{"line":157,"column":11},"end":{"line":157,"column":24}},{"start":{"line":157,"column":24},"end":{"line":157,"column":null}}],"line":157},"19":{"loc":{"start":{"line":158,"column":59},"end":{"line":158,"column":101}},"type":"cond-expr","locations":[{"start":{"line":158,"column":70},"end":{"line":158,"column":85}},{"start":{"line":158,"column":85},"end":{"line":158,"column":101}}],"line":158},"20":{"loc":{"start":{"line":162,"column":61},"end":{"line":162,"column":106}},"type":"cond-expr","locations":[{"start":{"line":162,"column":72},"end":{"line":162,"column":90}},{"start":{"line":162,"column":90},"end":{"line":162,"column":106}}],"line":162},"21":{"loc":{"start":{"line":172,"column":8},"end":{"line":172,"column":105}},"type":"cond-expr","locations":[{"start":{"line":172,"column":18},"end":{"line":172,"column":82}},{"start":{"line":172,"column":82},"end":{"line":172,"column":105}}],"line":172},"22":{"loc":{"start":{"line":173,"column":8},"end":{"line":173,"column":49}},"type":"cond-expr","locations":[{"start":{"line":173,"column":22},"end":{"line":173,"column":47}},{"start":{"line":173,"column":47},"end":{"line":173,"column":49}}],"line":173},"23":{"loc":{"start":{"line":174,"column":8},"end":{"line":174,"column":47}},"type":"cond-expr","locations":[{"start":{"line":174,"column":16},"end":{"line":174,"column":45}},{"start":{"line":174,"column":45},"end":{"line":174,"column":47}}],"line":174},"24":{"loc":{"start":{"line":180,"column":20},"end":{"line":180,"column":null}},"type":"binary-expr","locations":[{"start":{"line":180,"column":20},"end":{"line":180,"column":38}},{"start":{"line":180,"column":38},"end":{"line":180,"column":53}},{"start":{"line":180,"column":53},"end":{"line":180,"column":null}}],"line":180},"25":{"loc":{"start":{"line":186,"column":20},"end":{"line":186,"column":null}},"type":"binary-expr","locations":[{"start":{"line":186,"column":20},"end":{"line":186,"column":38}},{"start":{"line":186,"column":38},"end":{"line":186,"column":53}},{"start":{"line":186,"column":53},"end":{"line":186,"column":null}}],"line":186},"26":{"loc":{"start":{"line":190,"column":8},"end":{"line":193,"column":null}},"type":"binary-expr","locations":[{"start":{"line":190,"column":8},"end":{"line":190,"column":null}},{"start":{"line":191,"column":10},"end":{"line":193,"column":null}}],"line":190}},"s":{"0":1,"1":0,"2":0,"3":0,"4":0,"5":0,"6":0,"7":0,"8":0,"9":0,"10":0,"11":0,"12":0,"13":0,"14":0,"15":1,"16":0,"17":0,"18":1,"19":0,"20":0,"21":0,"22":0,"23":0,"24":0,"25":0,"26":0,"27":0,"28":0,"29":0,"30":0,"31":0,"32":0,"33":0,"34":0,"35":0,"36":0,"37":0},"f":{"0":0,"1":0,"2":0,"3":0,"4":0,"5":0,"6":0,"7":0,"8":0,"9":0,"10":0},"b":{"0":[0,0],"1":[0,0],"2":[0,0,0],"3":[0,0],"4":[0,0],"5":[0,0],"6":[0,0],"7":[0,0,0],"8":[0,0],"9":[0,0],"10":[0,0],"11":[0,0],"12":[0,0],"13":[0,0],"14":[0,0],"15":[0,0],"16":[0,0],"17":[0,0,0],"18":[0,0],"19":[0,0],"20":[0,0],"21":[0,0],"22":[0,0],"23":[0,0],"24":[0,0,0],"25":[0,0,0],"26":[0,0]},"meta":{"lastBranch":27,"lastFunction":11,"lastStatement":38,"seen":{"s:11:40:95:Infinity":0,"f:11:40:11:41":0,"b:12:2:22:Infinity:undefined:undefined:undefined:undefined":0,"s:12:2:22:Infinity":1,"b:12:6:12:18:12:18:12:40":1,"s:13:4:20:Infinity":2,"s:30:22:30:Infinity":3,"s:31:21:31:Infinity":4,"s:32:27:32:Infinity":5,"s:34:36:34:Infinity":6,"s:35:37:35:Infinity":7,"s:37:2:41:Infinity":8,"f:37:27:37:36":1,"s:38:21:38:Infinity":9,"s:39:4:39:Infinity":10,"s:40:4:40:Infinity":11,"s:43:2:93:Infinity":12,"f:49:30:49:31":2,"s:50:13:56:Infinity":13,"b:69:12:69:59:69:59:69:Infinity:70:14:75:Infinity":2,"b:73:71:73:96:73:96:73:Infinity":3,"f:81:31:81:32":3,"s:82:13:88:Infinity":14,"s:98:22:122:Infinity":15,"f:98:22:98:23":4,"s:99:2:120:Infinity":16,"f:101:19:101:Infinity":5,"s:102:8:118:Infinity":17,"b:104:13:104:Infinity:105:14:109:Infinity":4,"b:115:13:115:Infinity:116:15:116:Infinity":5,"s:124:18:197:Infinity":18,"f:124:18:124:19":6,"s:125:22:125:Infinity":19,"s:126:16:126:Infinity":20,"s:128:22:137:Infinity":21,"f:128:22:128:23":7,"b:129:4:129:Infinity:undefined:undefined:undefined:undefined":6,"s:129:4:129:Infinity":22,"b:129:8:129:20:129:20:129:35:129:35:129:42":7,"s:129:42:129:Infinity":23,"b:130:4:130:Infinity:undefined:undefined:undefined:undefined":8,"s:130:4:130:Infinity":24,"b:130:8:130:24:130:24:130:38":9,"s:130:38:130:Infinity":25,"s:131:22:131:Infinity":26,"b:131:37:131:56:131:56:131:Infinity":10,"s:132:22:132:Infinity":27,"b:132:37:132:56:132:56:132:Infinity":11,"s:133:21:133:Infinity":28,"b:133:45:133:62:133:62:133:Infinity":12,"b:134:4:136:Infinity:undefined:undefined:undefined:undefined":13,"s:134:4:136:Infinity":29,"s:135:8:135:Infinity":30,"s:139:18:167:Infinity":31,"f:139:18:139:19":8,"b:140:4:146:Infinity:undefined:undefined:undefined:undefined":14,"s:140:4:146:Infinity":32,"s:141:7:144:Infinity":33,"s:147:4:165:Infinity":34,"b:152:23:152:44:152:44:152:46":15,"b:153:48:153:86:153:86:153:88":16,"b:153:12:153:28:153:28:153:38:153:38:153:48":17,"b:157:11:157:24:157:24:157:Infinity":18,"b:158:70:158:85:158:85:158:101":19,"b:162:72:162:90:162:90:162:106":20,"s:169:2:195:Infinity":35,"b:172:18:172:82:172:82:172:105":21,"b:173:22:173:47:173:47:173:49":22,"b:174:16:174:45:174:45:174:47":23,"b:180:20:180:38:180:38:180:53:180:53:180:Infinity":24,"f:181:19:181:25":9,"s:181:25:181:Infinity":36,"b:186:20:186:38:186:38:186:53:186:53:186:Infinity":25,"f:187:19:187:25":10,"s:187:25:187:Infinity":37,"b:190:8:190:Infinity:191:10:193:Infinity":26}}}
,"C:\\Users\\star5\\Downloads\\rivals-arena---tournament-manager\\src\\components\\Layout.tsx": {"path":"C:\\Users\\star5\\Downloads\\rivals-arena---tournament-manager\\src\\components\\Layout.tsx","statementMap":{"0":{"start":{"line":9,"column":38},"end":{"line":83,"column":null}},"1":{"start":{"line":10,"column":8},"end":{"line":10,"column":null}},"2":{"start":{"line":12,"column":18},"end":{"line":30,"column":null}},"3":{"start":{"line":13,"column":21},"end":{"line":13,"column":null}},"4":{"start":{"line":14,"column":4},"end":{"line":28,"column":null}},"5":{"start":{"line":32,"column":2},"end":{"line":81,"column":null}}},"fnMap":{"0":{"name":"(anonymous_0)","decl":{"start":{"line":9,"column":38},"end":{"line":9,"column":39}},"loc":{"start":{"line":9,"column":56},"end":{"line":83,"column":null}},"line":9},"1":{"name":"(anonymous_1)","decl":{"start":{"line":12,"column":18},"end":{"line":12,"column":19}},"loc":{"start":{"line":12,"column":91},"end":{"line":30,"column":null}},"line":12}},"branchMap":{"0":{"loc":{"start":{"line":18,"column":10},"end":{"line":20,"column":null}},"type":"cond-expr","locations":[{"start":{"line":19,"column":14},"end":{"line":19,"column":null}},{"start":{"line":20,"column":14},"end":{"line":20,"column":null}}],"line":18},"1":{"loc":{"start":{"line":23,"column":35},"end":{"line":23,"column":68}},"type":"cond-expr","locations":[{"start":{"line":23,"column":46},"end":{"line":23,"column":64}},{"start":{"line":23,"column":64},"end":{"line":23,"column":68}}],"line":23},"2":{"loc":{"start":{"line":25,"column":9},"end":{"line":26,"column":null}},"type":"binary-expr","locations":[{"start":{"line":25,"column":9},"end":{"line":25,"column":null}},{"start":{"line":26,"column":10},"end":{"line":26,"column":null}}],"line":25}},"s":{"0":1,"1":1,"2":1,"3":4,"4":4,"5":1},"f":{"0":1,"1":4},"b":{"0":[1,3],"1":[1,3],"2":[4,1]},"meta":{"lastBranch":3,"lastFunction":2,"lastStatement":6,"seen":{"s:9:38:83:Infinity":0,"f:9:38:9:39":0,"s:10:8:10:Infinity":1,"s:12:18:30:Infinity":2,"f:12:18:12:19":1,"s:13:21:13:Infinity":3,"s:14:4:28:Infinity":4,"b:19:14:19:Infinity:20:14:20:Infinity":0,"b:23:46:23:64:23:64:23:68":1,"b:25:9:25:Infinity:26:10:26:Infinity":2,"s:32:2:81:Infinity":5}}}
,"C:\\Users\\star5\\Downloads\\rivals-arena---tournament-manager\\src\\pages\\CreateTournament.tsx": {"path":"C:\\Users\\star5\\Downloads\\rivals-arena---tournament-manager\\src\\pages\\CreateTournament.tsx","statementMap":{"0":{"start":{"line":7,"column":35},"end":{"line":148,"column":null}},"1":{"start":{"line":8,"column":8},"end":{"line":8,"column":null}},"2":{"start":{"line":9,"column":24},"end":{"line":9,"column":null}},"3":{"start":{"line":10,"column":30},"end":{"line":17,"column":null}},"4":{"start":{"line":19,"column":23},"end":{"line":32,"column":null}},"5":{"start":{"line":20,"column":4},"end":{"line":20,"column":null}},"6":{"start":{"line":21,"column":4},"end":{"line":24,"column":null}},"7":{"start":{"line":22,"column":6},"end":{"line":22,"column":null}},"8":{"start":{"line":23,"column":6},"end":{"line":23,"column":null}},"9":{"start":{"line":26,"column":4},"end":{"line":31,"column":null}},"10":{"start":{"line":27,"column":28},"end":{"line":27,"column":null}},"11":{"start":{"line":28,"column":6},"end":{"line":28,"column":null}},"12":{"start":{"line":30,"column":6},"end":{"line":30,"column":null}},"13":{"start":{"line":34,"column":2},"end":{"line":146,"column":null}},"14":{"start":{"line":63,"column":33},"end":{"line":63,"column":null}},"15":{"start":{"line":72,"column":33},"end":{"line":72,"column":null}},"16":{"start":{"line":89,"column":33},"end":{"line":89,"column":null}},"17":{"start":{"line":102,"column":33},"end":{"line":102,"column":null}},"18":{"start":{"line":114,"column":33},"end":{"line":114,"column":null}},"19":{"start":{"line":131,"column":33},"end":{"line":131,"column":null}}},"fnMap":{"0":{"name":"(anonymous_0)","decl":{"start":{"line":7,"column":35},"end":{"line":7,"column":41}},"loc":{"start":{"line":7,"column":41},"end":{"line":148,"column":null}},"line":7},"1":{"name":"(anonymous_1)","decl":{"start":{"line":19,"column":23},"end":{"line":19,"column":24}},"loc":{"start":{"line":19,"column":47},"end":{"line":32,"column":null}},"line":19},"2":{"name":"(anonymous_2)","decl":{"start":{"line":63,"column":26},"end":{"line":63,"column":27}},"loc":{"start":{"line":63,"column":33},"end":{"line":63,"column":null}},"line":63},"3":{"name":"(anonymous_3)","decl":{"start":{"line":72,"column":26},"end":{"line":72,"column":27}},"loc":{"start":{"line":72,"column":33},"end":{"line":72,"column":null}},"line":72},"4":{"name":"(anonymous_4)","decl":{"start":{"line":89,"column":26},"end":{"line":89,"column":27}},"loc":{"start":{"line":89,"column":33},"end":{"line":89,"column":null}},"line":89},"5":{"name":"(anonymous_5)","decl":{"start":{"line":102,"column":26},"end":{"line":102,"column":27}},"loc":{"start":{"line":102,"column":33},"end":{"line":102,"column":null}},"line":102},"6":{"name":"(anonymous_6)","decl":{"start":{"line":114,"column":26},"end":{"line":114,"column":27}},"loc":{"start":{"line":114,"column":33},"end":{"line":114,"column":null}},"line":114},"7":{"name":"(anonymous_7)","decl":{"start":{"line":131,"column":26},"end":{"line":131,"column":27}},"loc":{"start":{"line":131,"column":33},"end":{"line":131,"column":null}},"line":131}},"branchMap":{"0":{"loc":{"start":{"line":21,"column":4},"end":{"line":24,"column":null}},"type":"if","locations":[{"start":{"line":21,"column":4},"end":{"line":24,"column":null}},{"start":{},"end":{}}],"line":21},"1":{"loc":{"start":{"line":41,"column":7},"end":{"line":45,"column":null}},"type":"binary-expr","locations":[{"start":{"line":41,"column":7},"end":{"line":41,"column":null}},{"start":{"line":42,"column":8},"end":{"line":45,"column":null}}],"line":41}},"s":{"0":1,"1":0,"2":0,"3":0,"4":0,"5":0,"6":0,"7":0,"8":0,"9":0,"10":0,"11":0,"12":0,"13":0,"14":0,"15":0,"16":0,"17":0,"18":0,"19":0},"f":{"0":0,"1":0,"2":0,"3":0,"4":0,"5":0,"6":0,"7":0},"b":{"0":[0,0],"1":[0,0]},"meta":{"lastBranch":2,"lastFunction":8,"lastStatement":20,"seen":{"s:7:35:148:Infinity":0,"f:7:35:7:41":0,"s:8:8:8:Infinity":1,"s:9:24:9:Infinity":2,"s:10:30:17:Infinity":3,"s:19:23:32:Infinity":4,"f:19:23:19:24":1,"s:20:4:20:Infinity":5,"b:21:4:24:Infinity:undefined:undefined:undefined:undefined":0,"s:21:4:24:Infinity":6,"s:22:6:22:Infinity":7,"s:23:6:23:Infinity":8,"s:26:4:31:Infinity":9,"s:27:28:27:Infinity":10,"s:28:6:28:Infinity":11,"s:30:6:30:Infinity":12,"s:34:2:146:Infinity":13,"b:41:7:41:Infinity:42:8:45:Infinity":1,"f:63:26:63:27":2,"s:63:33:63:Infinity":14,"f:72:26:72:27":3,"s:72:33:72:Infinity":15,"f:89:26:89:27":4,"s:89:33:89:Infinity":16,"f:102:26:102:27":5,"s:102:33:102:Infinity":17,"f:114:26:114:27":6,"s:114:33:114:Infinity":18,"f:131:26:131:27":7,"s:131:33:131:Infinity":19}}}
,"C:\\Users\\star5\\Downloads\\rivals-arena---tournament-manager\\src\\pages\\Dashboard.tsx": {"path":"C:\\Users\\star5\\Downloads\\rivals-arena---tournament-manager\\src\\pages\\Dashboard.tsx","statementMap":{"0":{"start":{"line":7,"column":28},"end":{"line":98,"column":null}},"1":{"start":{"line":8,"column":36},"end":{"line":8,"column":null}},"2":{"start":{"line":9,"column":28},"end":{"line":9,"column":null}},"3":{"start":{"line":11,"column":2},"end":{"line":13,"column":null}},"4":{"start":{"line":12,"column":4},"end":{"line":12,"column":null}},"5":{"start":{"line":15,"column":23},"end":{"line":21,"column":null}},"6":{"start":{"line":16,"column":4},"end":{"line":16,"column":null}},"7":{"start":{"line":17,"column":4},"end":{"line":20,"column":null}},"8":{"start":{"line":18,"column":6},"end":{"line":18,"column":null}},"9":{"start":{"line":19,"column":6},"end":{"line":19,"column":null}},"10":{"start":{"line":19,"column":25},"end":{"line":19,"column":33}},"11":{"start":{"line":23,"column":2},"end":{"line":96,"column":null}},"12":{"start":{"line":51,"column":70},"end":{"line":51,"column":91}},"13":{"start":{"line":52,"column":77},"end":{"line":52,"column":99}},"14":{"start":{"line":55,"column":10},"end":{"line":63,"column":null}},"15":{"start":{"line":91,"column":14},"end":{"line":91,"column":null}},"16":{"start":{"line":91,"column":73},"end":{"line":91,"column":96}},"17":{"start":{"line":100,"column":23},"end":{"line":152,"column":null}},"18":{"start":{"line":101,"column":23},"end":{"line":106,"column":null}},"19":{"start":{"line":108,"column":2},"end":{"line":150,"column":null}}},"fnMap":{"0":{"name":"(anonymous_0)","decl":{"start":{"line":7,"column":28},"end":{"line":7,"column":34}},"loc":{"start":{"line":7,"column":34},"end":{"line":98,"column":null}},"line":7},"1":{"name":"(anonymous_1)","decl":{"start":{"line":11,"column":12},"end":{"line":11,"column":18}},"loc":{"start":{"line":11,"column":18},"end":{"line":13,"column":5}},"line":11},"2":{"name":"(anonymous_2)","decl":{"start":{"line":15,"column":23},"end":{"line":15,"column":24}},"loc":{"start":{"line":15,"column":60},"end":{"line":21,"column":null}},"line":15},"3":{"name":"(anonymous_3)","decl":{"start":{"line":19,"column":17},"end":{"line":19,"column":25}},"loc":{"start":{"line":19,"column":25},"end":{"line":19,"column":33}},"line":19},"4":{"name":"(anonymous_4)","decl":{"start":{"line":51,"column":65},"end":{"line":51,"column":70}},"loc":{"start":{"line":51,"column":70},"end":{"line":51,"column":91}},"line":51},"5":{"name":"(anonymous_5)","decl":{"start":{"line":52,"column":65},"end":{"line":52,"column":66}},"loc":{"start":{"line":52,"column":77},"end":{"line":52,"column":99}},"line":52},"6":{"name":"(anonymous_6)","decl":{"start":{"line":54,"column":14},"end":{"line":54,"column":15}},"loc":{"start":{"line":55,"column":10},"end":{"line":63,"column":null}},"line":55},"7":{"name":"(anonymous_7)","decl":{"start":{"line":90,"column":29},"end":{"line":90,"column":30}},"loc":{"start":{"line":91,"column":14},"end":{"line":91,"column":null}},"line":91},"8":{"name":"(anonymous_8)","decl":{"start":{"line":91,"column":66},"end":{"line":91,"column":67}},"loc":{"start":{"line":91,"column":73},"end":{"line":91,"column":96}},"line":91},"9":{"name":"(anonymous_9)","decl":{"start":{"line":100,"column":23},"end":{"line":100,"column":24}},"loc":{"start":{"line":100,"column":122},"end":{"line":152,"column":null}},"line":100}},"branchMap":{"0":{"loc":{"start":{"line":17,"column":4},"end":{"line":20,"column":null}},"type":"if","locations":[{"start":{"line":17,"column":4},"end":{"line":20,"column":null}},{"start":{},"end":{}}],"line":17},"1":{"loc":{"start":{"line":74,"column":11},"end":{"line":77,"column":null}},"type":"binary-expr","locations":[{"start":{"line":74,"column":11},"end":{"line":74,"column":null}},{"start":{"line":75,"column":12},"end":{"line":77,"column":null}}],"line":74},"2":{"loc":{"start":{"line":81,"column":9},"end":{"line":93,"column":null}},"type":"cond-expr","locations":[{"start":{"line":82,"column":10},"end":{"line":87,"column":null}},{"start":{"line":89,"column":10},"end":{"line":93,"column":null}}],"line":81}},"s":{"0":1,"1":2,"2":2,"3":2,"4":1,"5":2,"6":0,"7":0,"8":0,"9":0,"10":0,"11":2,"12":0,"13":0,"14":6,"15":0,"16":0,"17":1,"18":0,"19":0},"f":{"0":2,"1":1,"2":0,"3":0,"4":0,"5":0,"6":6,"7":0,"8":0,"9":0},"b":{"0":[0,0],"1":[2,0],"2":[2,0]},"meta":{"lastBranch":3,"lastFunction":10,"lastStatement":20,"seen":{"s:7:28:98:Infinity":0,"f:7:28:7:34":0,"s:8:36:8:Infinity":1,"s:9:28:9:Infinity":2,"s:11:2:13:Infinity":3,"f:11:12:11:18":1,"s:12:4:12:Infinity":4,"s:15:23:21:Infinity":5,"f:15:23:15:24":2,"s:16:4:16:Infinity":6,"b:17:4:20:Infinity:undefined:undefined:undefined:undefined":0,"s:17:4:20:Infinity":7,"s:18:6:18:Infinity":8,"s:19:6:19:Infinity":9,"f:19:17:19:25":3,"s:19:25:19:33":10,"s:23:2:96:Infinity":11,"f:51:65:51:70":4,"s:51:70:51:91":12,"f:52:65:52:66":5,"s:52:77:52:99":13,"f:54:14:54:15":6,"s:55:10:63:Infinity":14,"b:74:11:74:Infinity:75:12:77:Infinity":1,"b:82:10:87:Infinity:89:10:93:Infinity":2,"f:90:29:90:30":7,"s:91:14:91:Infinity":15,"f:91:66:91:67":8,"s:91:73:91:96":16,"s:100:23:152:Infinity":17,"f:100:23:100:24":9,"s:101:23:106:Infinity":18,"s:108:2:150:Infinity":19}}}
,"C:\\Users\\star5\\Downloads\\rivals-arena---tournament-manager\\src\\pages\\TournamentDetails.tsx": {"path":"C:\\Users\\star5\\Downloads\\rivals-arena---tournament-manager\\src\\pages\\TournamentDetails.tsx","statementMap":{"0":{"start":{"line":8,"column":36},"end":{"line":352,"column":null}},"1":{"start":{"line":9,"column":13},"end":{"line":9,"column":null}},"2":{"start":{"line":10,"column":8},"end":{"line":10,"column":null}},"3":{"start":{"line":11,"column":34},"end":{"line":11,"column":null}},"4":{"start":{"line":12,"column":32},"end":{"line":12,"column":null}},"5":{"start":{"line":13,"column":40},"end":{"line":13,"column":null}},"6":{"start":{"line":14,"column":40},"end":{"line":14,"column":null}},"7":{"start":{"line":15,"column":42},"end":{"line":15,"column":null}},"8":{"start":{"line":16,"column":24},"end":{"line":16,"column":null}},"9":{"start":{"line":18,"column":20},"end":{"line":21,"column":null}},"10":{"start":{"line":19,"column":4},"end":{"line":19,"column":null}},"11":{"start":{"line":20,"column":4},"end":{"line":20,"column":null}},"12":{"start":{"line":20,"column":21},"end":{"line":20,"column":37}},"13":{"start":{"line":23,"column":22},"end":{"line":35,"column":null}},"14":{"start":{"line":24,"column":4},"end":{"line":24,"column":null}},"15":{"start":{"line":24,"column":13},"end":{"line":24,"column":null}},"16":{"start":{"line":25,"column":14},"end":{"line":25,"column":null}},"17":{"start":{"line":26,"column":4},"end":{"line":34,"column":null}},"18":{"start":{"line":27,"column":6},"end":{"line":27,"column":null}},"19":{"start":{"line":29,"column":6},"end":{"line":31,"column":null}},"20":{"start":{"line":33,"column":6},"end":{"line":33,"column":null}},"21":{"start":{"line":37,"column":2},"end":{"line":43,"column":null}},"22":{"start":{"line":38,"column":4},"end":{"line":38,"column":null}},"23":{"start":{"line":41,"column":21},"end":{"line":41,"column":null}},"24":{"start":{"line":42,"column":4},"end":{"line":42,"column":null}},"25":{"start":{"line":42,"column":17},"end":{"line":42,"column":null}},"26":{"start":{"line":45,"column":28},"end":{"line":49,"column":null}},"27":{"start":{"line":46,"column":4},"end":{"line":46,"column":null}},"28":{"start":{"line":46,"column":21},"end":{"line":46,"column":null}},"29":{"start":{"line":47,"column":20},"end":{"line":47,"column":null}},"30":{"start":{"line":48,"column":4},"end":{"line":48,"column":null}},"31":{"start":{"line":48,"column":17},"end":{"line":48,"column":null}},"32":{"start":{"line":51,"column":21},"end":{"line":65,"column":null}},"33":{"start":{"line":52,"column":4},"end":{"line":52,"column":null}},"34":{"start":{"line":53,"column":4},"end":{"line":53,"column":null}},"35":{"start":{"line":53,"column":46},"end":{"line":53,"column":null}},"36":{"start":{"line":55,"column":19},"end":{"line":55,"column":null}},"37":{"start":{"line":56,"column":4},"end":{"line":64,"column":null}},"38":{"start":{"line":57,"column":6},"end":{"line":57,"column":null}},"39":{"start":{"line":58,"column":6},"end":{"line":58,"column":null}},"40":{"start":{"line":59,"column":6},"end":{"line":59,"column":null}},"41":{"start":{"line":60,"column":6},"end":{"line":60,"column":null}},"42":{"start":{"line":61,"column":6},"end":{"line":61,"column":null}},"43":{"start":{"line":63,"column":6},"end":{"line":63,"column":null}},"44":{"start":{"line":67,"column":32},"end":{"line":79,"column":null}},"45":{"start":{"line":68,"column":4},"end":{"line":68,"column":null}},"46":{"start":{"line":68,"column":21},"end":{"line":68,"column":null}},"47":{"start":{"line":69,"column":4},"end":{"line":78,"column":null}},"48":{"start":{"line":70,"column":21},"end":{"line":70,"column":null}},"49":{"start":{"line":71,"column":6},"end":{"line":77,"column":null}},"50":{"start":{"line":72,"column":8},"end":{"line":72,"column":null}},"51":{"start":{"line":73,"column":8},"end":{"line":73,"column":null}},"52":{"start":{"line":74,"column":8},"end":{"line":74,"column":null}},"53":{"start":{"line":76,"column":8},"end":{"line":76,"column":null}},"54":{"start":{"line":81,"column":27},"end":{"line":88,"column":null}},"55":{"start":{"line":82,"column":4},"end":{"line":82,"column":null}},"56":{"start":{"line":82,"column":21},"end":{"line":82,"column":null}},"57":{"start":{"line":83,"column":4},"end":{"line":87,"column":null}},"58":{"start":{"line":84,"column":8},"end":{"line":84,"column":null}},"59":{"start":{"line":85,"column":8},"end":{"line":85,"column":null}},"60":{"start":{"line":86,"column":8},"end":{"line":86,"column":null}},"61":{"start":{"line":90,"column":2},"end":{"line":90,"column":null}},"62":{"start":{"line":90,"column":19},"end":{"line":90,"column":null}},"63":{"start":{"line":92,"column":2},"end":{"line":350,"column":null}},"64":{"start":{"line":106,"column":31},"end":{"line":106,"column":46}},"65":{"start":{"line":147,"column":33},"end":{"line":147,"column":null}},"66":{"start":{"line":168,"column":12},"end":{"line":178,"column":null}},"67":{"start":{"line":170,"column":29},"end":{"line":170,"column":null}},"68":{"start":{"line":212,"column":16},"end":{"line":235,"column":null}},"69":{"start":{"line":228,"column":37},"end":{"line":228,"column":null}},"70":{"start":{"line":240,"column":17},"end":{"line":242,"column":null}},"71":{"start":{"line":294,"column":29},"end":{"line":294,"column":null}},"72":{"start":{"line":312,"column":35},"end":{"line":312,"column":null}},"73":{"start":{"line":325,"column":35},"end":{"line":325,"column":null}},"74":{"start":{"line":333,"column":33},"end":{"line":333,"column":null}}},"fnMap":{"0":{"name":"(anonymous_0)","decl":{"start":{"line":8,"column":36},"end":{"line":8,"column":42}},"loc":{"start":{"line":8,"column":42},"end":{"line":352,"column":null}},"line":8},"1":{"name":"(anonymous_1)","decl":{"start":{"line":18,"column":20},"end":{"line":18,"column":21}},"loc":{"start":{"line":18,"column":64},"end":{"line":21,"column":null}},"line":18},"2":{"name":"(anonymous_2)","decl":{"start":{"line":20,"column":15},"end":{"line":20,"column":21}},"loc":{"start":{"line":20,"column":21},"end":{"line":20,"column":37}},"line":20},"3":{"name":"(anonymous_3)","decl":{"start":{"line":23,"column":22},"end":{"line":23,"column":28}},"loc":{"start":{"line":23,"column":28},"end":{"line":35,"column":null}},"line":23},"4":{"name":"(anonymous_4)","decl":{"start":{"line":37,"column":12},"end":{"line":37,"column":18}},"loc":{"start":{"line":37,"column":18},"end":{"line":43,"column":5}},"line":37},"5":{"name":"(anonymous_5)","decl":{"start":{"line":42,"column":11},"end":{"line":42,"column":17}},"loc":{"start":{"line":42,"column":17},"end":{"line":42,"column":null}},"line":42},"6":{"name":"(anonymous_6)","decl":{"start":{"line":45,"column":28},"end":{"line":45,"column":29}},"loc":{"start":{"line":45,"column":99},"end":{"line":49,"column":null}},"line":45},"7":{"name":"(anonymous_7)","decl":{"start":{"line":51,"column":21},"end":{"line":51,"column":22}},"loc":{"start":{"line":51,"column":45},"end":{"line":65,"column":null}},"line":51},"8":{"name":"(anonymous_8)","decl":{"start":{"line":67,"column":32},"end":{"line":67,"column":38}},"loc":{"start":{"line":67,"column":38},"end":{"line":79,"column":null}},"line":67},"9":{"name":"(anonymous_9)","decl":{"start":{"line":81,"column":27},"end":{"line":81,"column":28}},"loc":{"start":{"line":81,"column":47},"end":{"line":88,"column":null}},"line":81},"10":{"name":"(anonymous_10)","decl":{"start":{"line":106,"column":25},"end":{"line":106,"column":31}},"loc":{"start":{"line":106,"column":31},"end":{"line":106,"column":46}},"line":106},"11":{"name":"(anonymous_11)","decl":{"start":{"line":147,"column":27},"end":{"line":147,"column":33}},"loc":{"start":{"line":147,"column":33},"end":{"line":147,"column":null}},"line":147},"12":{"name":"(anonymous_12)","decl":{"start":{"line":167,"column":16},"end":{"line":167,"column":null}},"loc":{"start":{"line":168,"column":12},"end":{"line":178,"column":null}},"line":168},"13":{"name":"(anonymous_13)","decl":{"start":{"line":170,"column":23},"end":{"line":170,"column":29}},"loc":{"start":{"line":170,"column":29},"end":{"line":170,"column":null}},"line":170},"14":{"name":"(anonymous_14)","decl":{"start":{"line":211,"column":36},"end":{"line":211,"column":37}},"loc":{"start":{"line":212,"column":16},"end":{"line":235,"column":null}},"line":212},"15":{"name":"(anonymous_15)","decl":{"start":{"line":228,"column":31},"end":{"line":228,"column":37}},"loc":{"start":{"line":228,"column":37},"end":{"line":228,"column":null}},"line":228},"16":{"name":"(anonymous_16)","decl":{"start":{"line":239,"column":102},"end":{"line":239,"column":103}},"loc":{"start":{"line":240,"column":17},"end":{"line":242,"column":null}},"line":240},"17":{"name":"(anonymous_17)","decl":{"start":{"line":294,"column":23},"end":{"line":294,"column":29}},"loc":{"start":{"line":294,"column":29},"end":{"line":294,"column":null}},"line":294},"18":{"name":"(anonymous_18)","decl":{"start":{"line":312,"column":30},"end":{"line":312,"column":35}},"loc":{"start":{"line":312,"column":35},"end":{"line":312,"column":null}},"line":312},"19":{"name":"(anonymous_19)","decl":{"start":{"line":325,"column":30},"end":{"line":325,"column":35}},"loc":{"start":{"line":325,"column":35},"end":{"line":325,"column":null}},"line":325},"20":{"name":"(anonymous_20)","decl":{"start":{"line":333,"column":27},"end":{"line":333,"column":33}},"loc":{"start":{"line":333,"column":33},"end":{"line":333,"column":null}},"line":333}},"branchMap":{"0":{"loc":{"start":{"line":24,"column":4},"end":{"line":24,"column":null}},"type":"if","locations":[{"start":{"line":24,"column":4},"end":{"line":24,"column":null}},{"start":{},"end":{}}],"line":24},"1":{"loc":{"start":{"line":26,"column":4},"end":{"line":34,"column":null}},"type":"if","locations":[{"start":{"line":26,"column":4},"end":{"line":34,"column":null}},{"start":{"line":32,"column":11},"end":{"line":34,"column":null}}],"line":26},"2":{"loc":{"start":{"line":29,"column":6},"end":{"line":31,"column":null}},"type":"if","locations":[{"start":{"line":29,"column":6},"end":{"line":31,"column":null}},{"start":{},"end":{}}],"line":29},"3":{"loc":{"start":{"line":29,"column":10},"end":{"line":29,"column":82}},"type":"binary-expr","locations":[{"start":{"line":29,"column":10},"end":{"line":29,"column":35}},{"start":{"line":29,"column":35},"end":{"line":29,"column":60}},{"start":{"line":29,"column":60},"end":{"line":29,"column":82}}],"line":29},"4":{"loc":{"start":{"line":46,"column":4},"end":{"line":46,"column":null}},"type":"if","locations":[{"start":{"line":46,"column":4},"end":{"line":46,"column":null}},{"start":{},"end":{}}],"line":46},"5":{"loc":{"start":{"line":48,"column":4},"end":{"line":48,"column":null}},"type":"if","locations":[{"start":{"line":48,"column":4},"end":{"line":48,"column":null}},{"start":{},"end":{}}],"line":48},"6":{"loc":{"start":{"line":53,"column":4},"end":{"line":53,"column":null}},"type":"if","locations":[{"start":{"line":53,"column":4},"end":{"line":53,"column":null}},{"start":{},"end":{}}],"line":53},"7":{"loc":{"start":{"line":53,"column":8},"end":{"line":53,"column":46}},"type":"binary-expr","locations":[{"start":{"line":53,"column":8},"end":{"line":53,"column":23}},{"start":{"line":53,"column":23},"end":{"line":53,"column":46}}],"line":53},"8":{"loc":{"start":{"line":56,"column":4},"end":{"line":64,"column":null}},"type":"if","locations":[{"start":{"line":56,"column":4},"end":{"line":64,"column":null}},{"start":{"line":62,"column":11},"end":{"line":64,"column":null}}],"line":56},"9":{"loc":{"start":{"line":68,"column":4},"end":{"line":68,"column":null}},"type":"if","locations":[{"start":{"line":68,"column":4},"end":{"line":68,"column":null}},{"start":{},"end":{}}],"line":68},"10":{"loc":{"start":{"line":69,"column":4},"end":{"line":78,"column":null}},"type":"if","locations":[{"start":{"line":69,"column":4},"end":{"line":78,"column":null}},{"start":{},"end":{}}],"line":69},"11":{"loc":{"start":{"line":71,"column":6},"end":{"line":77,"column":null}},"type":"if","locations":[{"start":{"line":71,"column":6},"end":{"line":77,"column":null}},{"start":{"line":75,"column":13},"end":{"line":77,"column":null}}],"line":71},"12":{"loc":{"start":{"line":82,"column":4},"end":{"line":82,"column":null}},"type":"if","locations":[{"start":{"line":82,"column":4},"end":{"line":82,"column":null}},{"start":{},"end":{}}],"line":82},"13":{"loc":{"start":{"line":83,"column":4},"end":{"line":87,"column":null}},"type":"if","locations":[{"start":{"line":83,"column":4},"end":{"line":87,"column":null}},{"start":{},"end":{}}],"line":83},"14":{"loc":{"start":{"line":90,"column":2},"end":{"line":90,"column":null}},"type":"if","locations":[{"start":{"line":90,"column":2},"end":{"line":90,"column":null}},{"start":{},"end":{}}],"line":90},"15":{"loc":{"start":{"line":95,"column":7},"end":{"line":101,"column":null}},"type":"binary-expr","locations":[{"start":{"line":95,"column":7},"end":{"line":95,"column":null}},{"start":{"line":96,"column":8},"end":{"line":101,"column":null}}],"line":95},"16":{"loc":{"start":{"line":97,"column":10},"end":{"line":97,"column":null}},"type":"cond-expr","locations":[{"start":{"line":97,"column":37},"end":{"line":97,"column":92}},{"start":{"line":97,"column":92},"end":{"line":97,"column":null}}],"line":97},"17":{"loc":{"start":{"line":99,"column":11},"end":{"line":99,"column":null}},"type":"cond-expr","locations":[{"start":{"line":99,"column":38},"end":{"line":99,"column":61}},{"start":{"line":99,"column":61},"end":{"line":99,"column":null}}],"line":99},"18":{"loc":{"start":{"line":114,"column":17},"end":{"line":117,"column":null}},"type":"cond-expr","locations":[{"start":{"line":114,"column":50},"end":{"line":114,"column":null}},{"start":{"line":115,"column":17},"end":{"line":117,"column":null}}],"line":114},"19":{"loc":{"start":{"line":115,"column":17},"end":{"line":117,"column":null}},"type":"cond-expr","locations":[{"start":{"line":115,"column":48},"end":{"line":115,"column":null}},{"start":{"line":116,"column":17},"end":{"line":117,"column":null}}],"line":115},"20":{"loc":{"start":{"line":116,"column":17},"end":{"line":117,"column":null}},"type":"cond-expr","locations":[{"start":{"line":116,"column":53},"end":{"line":116,"column":null}},{"start":{"line":117,"column":17},"end":{"line":117,"column":null}}],"line":116},"21":{"loc":{"start":{"line":137,"column":14},"end":{"line":153,"column":null}},"type":"binary-expr","locations":[{"start":{"line":137,"column":14},"end":{"line":137,"column":null}},{"start":{"line":138,"column":15},"end":{"line":153,"column":null}}],"line":137},"22":{"loc":{"start":{"line":172,"column":16},"end":{"line":174,"column":null}},"type":"cond-expr","locations":[{"start":{"line":173,"column":20},"end":{"line":173,"column":null}},{"start":{"line":174,"column":20},"end":{"line":174,"column":null}}],"line":172},"23":{"loc":{"start":{"line":185,"column":9},"end":{"line":201,"column":null}},"type":"binary-expr","locations":[{"start":{"line":185,"column":9},"end":{"line":185,"column":null}},{"start":{"line":186,"column":10},"end":{"line":201,"column":null}}],"line":185},"24":{"loc":{"start":{"line":204,"column":9},"end":{"line":245,"column":null}},"type":"binary-expr","locations":[{"start":{"line":204,"column":9},"end":{"line":204,"column":null}},{"start":{"line":205,"column":10},"end":{"line":245,"column":null}}],"line":204},"25":{"loc":{"start":{"line":215,"column":24},"end":{"line":215,"column":null}},"type":"cond-expr","locations":[{"start":{"line":215,"column":36},"end":{"line":215,"column":109}},{"start":{"line":215,"column":109},"end":{"line":215,"column":null}}],"line":215},"26":{"loc":{"start":{"line":226,"column":19},"end":{"line":233,"column":null}},"type":"binary-expr","locations":[{"start":{"line":226,"column":19},"end":{"line":226,"column":null}},{"start":{"line":227,"column":20},"end":{"line":233,"column":null}}],"line":226},"27":{"loc":{"start":{"line":248,"column":9},"end":{"line":285,"column":null}},"type":"binary-expr","locations":[{"start":{"line":248,"column":9},"end":{"line":248,"column":null}},{"start":{"line":249,"column":10},"end":{"line":285,"column":null}}],"line":248},"28":{"loc":{"start":{"line":252,"column":15},"end":{"line":252,"column":null}},"type":"binary-expr","locations":[{"start":{"line":252,"column":15},"end":{"line":252,"column":41}},{"start":{"line":252,"column":41},"end":{"line":252,"column":null}}],"line":252},"29":{"loc":{"start":{"line":290,"column":7},"end":{"line":348,"column":null}},"type":"binary-expr","locations":[{"start":{"line":290,"column":7},"end":{"line":290,"column":null}},{"start":{"line":291,"column":8},"end":{"line":348,"column":null}}],"line":290}},"s":{"0":1,"1":0,"2":0,"3":0,"4":0,"5":0,"6":0,"7":0,"8":0,"9":0,"10":0,"11":0,"12":0,"13":0,"14":0,"15":0,"16":0,"17":0,"18":0,"19":0,"20":0,"21":0,"22":0,"23":0,"24":0,"25":0,"26":0,"27":0,"28":0,"29":0,"30":0,"31":0,"32":0,"33":0,"34":0,"35":0,"36":0,"37":0,"38":0,"39":0,"40":0,"41":0,"42":0,"43":0,"44":0,"45":0,"46":0,"47":0,"48":0,"49":0,"50":0,"51":0,"52":0,"53":0,"54":0,"55":0,"56":0,"57":0,"58":0,"59":0,"60":0,"61":0,"62":0,"63":0,"64":0,"65":0,"66":0,"67":0,"68":0,"69":0,"70":0,"71":0,"72":0,"73":0,"74":0},"f":{"0":0,"1":0,"2":0,"3":0,"4":0,"5":0,"6":0,"7":0,"8":0,"9":0,"10":0,"11":0,"12":0,"13":0,"14":0,"15":0,"16":0,"17":0,"18":0,"19":0,"20":0},"b":{"0":[0,0],"1":[0,0],"2":[0,0],"3":[0,0,0],"4":[0,0],"5":[0,0],"6":[0,0],"7":[0,0],"8":[0,0],"9":[0,0],"10":[0,0],"11":[0,0],"12":[0,0],"13":[0,0],"14":[0,0],"15":[0,0],"16":[0,0],"17":[0,0],"18":[0,0],"19":[0,0],"20":[0,0],"21":[0,0],"22":[0,0],"23":[0,0],"24":[0,0],"25":[0,0],"26":[0,0],"27":[0,0],"28":[0,0],"29":[0,0]},"meta":{"lastBranch":30,"lastFunction":21,"lastStatement":75,"seen":{"s:8:36:352:Infinity":0,"f:8:36:8:42":0,"s:9:13:9:Infinity":1,"s:10:8:10:Infinity":2,"s:11:34:11:Infinity":3,"s:12:32:12:Infinity":4,"s:13:40:13:Infinity":5,"s:14:40:14:Infinity":6,"s:15:42:15:Infinity":7,"s:16:24:16:Infinity":8,"s:18:20:21:Infinity":9,"f:18:20:18:21":1,"s:19:4:19:Infinity":10,"s:20:4:20:Infinity":11,"f:20:15:20:21":2,"s:20:21:20:37":12,"s:23:22:35:Infinity":13,"f:23:22:23:28":3,"b:24:4:24:Infinity:undefined:undefined:undefined:undefined":0,"s:24:4:24:Infinity":14,"s:24:13:24:Infinity":15,"s:25:14:25:Infinity":16,"b:26:4:34:Infinity:32:11:34:Infinity":1,"s:26:4:34:Infinity":17,"s:27:6:27:Infinity":18,"b:29:6:31:Infinity:undefined:undefined:undefined:undefined":2,"s:29:6:31:Infinity":19,"b:29:10:29:35:29:35:29:60:29:60:29:82":3,"s:33:6:33:Infinity":20,"s:37:2:43:Infinity":21,"f:37:12:37:18":4,"s:38:4:38:Infinity":22,"s:41:21:41:Infinity":23,"s:42:4:42:Infinity":24,"f:42:11:42:17":5,"s:42:17:42:Infinity":25,"s:45:28:49:Infinity":26,"f:45:28:45:29":6,"b:46:4:46:Infinity:undefined:undefined:undefined:undefined":4,"s:46:4:46:Infinity":27,"s:46:21:46:Infinity":28,"s:47:20:47:Infinity":29,"b:48:4:48:Infinity:undefined:undefined:undefined:undefined":5,"s:48:4:48:Infinity":30,"s:48:17:48:Infinity":31,"s:51:21:65:Infinity":32,"f:51:21:51:22":7,"s:52:4:52:Infinity":33,"b:53:4:53:Infinity:undefined:undefined:undefined:undefined":6,"s:53:4:53:Infinity":34,"b:53:8:53:23:53:23:53:46":7,"s:53:46:53:Infinity":35,"s:55:19:55:Infinity":36,"b:56:4:64:Infinity:62:11:64:Infinity":8,"s:56:4:64:Infinity":37,"s:57:6:57:Infinity":38,"s:58:6:58:Infinity":39,"s:59:6:59:Infinity":40,"s:60:6:60:Infinity":41,"s:61:6:61:Infinity":42,"s:63:6:63:Infinity":43,"s:67:32:79:Infinity":44,"f:67:32:67:38":8,"b:68:4:68:Infinity:undefined:undefined:undefined:undefined":9,"s:68:4:68:Infinity":45,"s:68:21:68:Infinity":46,"b:69:4:78:Infinity:undefined:undefined:undefined:undefined":10,"s:69:4:78:Infinity":47,"s:70:21:70:Infinity":48,"b:71:6:77:Infinity:75:13:77:Infinity":11,"s:71:6:77:Infinity":49,"s:72:8:72:Infinity":50,"s:73:8:73:Infinity":51,"s:74:8:74:Infinity":52,"s:76:8:76:Infinity":53,"s:81:27:88:Infinity":54,"f:81:27:81:28":9,"b:82:4:82:Infinity:undefined:undefined:undefined:undefined":12,"s:82:4:82:Infinity":55,"s:82:21:82:Infinity":56,"b:83:4:87:Infinity:undefined:undefined:undefined:undefined":13,"s:83:4:87:Infinity":57,"s:84:8:84:Infinity":58,"s:85:8:85:Infinity":59,"s:86:8:86:Infinity":60,"b:90:2:90:Infinity:undefined:undefined:undefined:undefined":14,"s:90:2:90:Infinity":61,"s:90:19:90:Infinity":62,"s:92:2:350:Infinity":63,"b:95:7:95:Infinity:96:8:101:Infinity":15,"b:97:37:97:92:97:92:97:Infinity":16,"b:99:38:99:61:99:61:99:Infinity":17,"f:106:25:106:31":10,"s:106:31:106:46":64,"b:114:50:114:Infinity:115:17:117:Infinity":18,"b:115:48:115:Infinity:116:17:117:Infinity":19,"b:116:53:116:Infinity:117:17:117:Infinity":20,"b:137:14:137:Infinity:138:15:153:Infinity":21,"f:147:27:147:33":11,"s:147:33:147:Infinity":65,"f:167:16:167:Infinity":12,"s:168:12:178:Infinity":66,"f:170:23:170:29":13,"s:170:29:170:Infinity":67,"b:173:20:173:Infinity:174:20:174:Infinity":22,"b:185:9:185:Infinity:186:10:201:Infinity":23,"b:204:9:204:Infinity:205:10:245:Infinity":24,"f:211:36:211:37":14,"s:212:16:235:Infinity":68,"b:215:36:215:109:215:109:215:Infinity":25,"b:226:19:226:Infinity:227:20:233:Infinity":26,"f:228:31:228:37":15,"s:228:37:228:Infinity":69,"f:239:102:239:103":16,"s:240:17:242:Infinity":70,"b:248:9:248:Infinity:249:10:285:Infinity":27,"b:252:15:252:41:252:41:252:Infinity":28,"b:290:7:290:Infinity:291:8:348:Infinity":29,"f:294:23:294:29":17,"s:294:29:294:Infinity":71,"f:312:30:312:35":18,"s:312:35:312:Infinity":72,"f:325:30:325:35":19,"s:325:35:325:Infinity":73,"f:333:27:333:33":20,"s:333:33:333:Infinity":74}}}
,"C:\\Users\\star5\\Downloads\\rivals-arena---tournament-manager\\src\\services\\tournamentService.ts": {"path":"C:\\Users\\star5\\Downloads\\rivals-arena---tournament-manager\\src\\services\\tournamentService.ts","statementMap":{"0":{"start":{"line":3,"column":20},"end":{"line":3,"column":null}},"1":{"start":{"line":6,"column":17},"end":{"line":14,"column":null}},"2":{"start":{"line":7,"column":2},"end":{"line":13,"column":null}},"3":{"start":{"line":8,"column":21},"end":{"line":8,"column":null}},"4":{"start":{"line":9,"column":4},"end":{"line":9,"column":null}},"5":{"start":{"line":11,"column":4},"end":{"line":11,"column":null}},"6":{"start":{"line":12,"column":4},"end":{"line":12,"column":null}},"7":{"start":{"line":16,"column":17},"end":{"line":18,"column":null}},"8":{"start":{"line":17,"column":2},"end":{"line":17,"column":null}},"9":{"start":{"line":22,"column":24},"end":{"line":37,"column":null}},"10":{"start":{"line":23,"column":15},"end":{"line":23,"column":null}},"11":{"start":{"line":24,"column":14},"end":{"line":24,"column":null}},"12":{"start":{"line":26,"column":2},"end":{"line":34,"column":null}},"13":{"start":{"line":26,"column":15},"end":{"line":26,"column":18}},"14":{"start":{"line":27,"column":30},"end":{"line":27,"column":null}},"15":{"start":{"line":28,"column":16},"end":{"line":28,"column":null}},"16":{"start":{"line":29,"column":4},"end":{"line":32,"column":null}},"17":{"start":{"line":29,"column":17},"end":{"line":29,"column":20}},"18":{"start":{"line":30,"column":6},"end":{"line":30,"column":null}},"19":{"start":{"line":31,"column":6},"end":{"line":31,"column":null}},"20":{"start":{"line":33,"column":4},"end":{"line":33,"column":null}},"21":{"start":{"line":36,"column":2},"end":{"line":36,"column":null}},"22":{"start":{"line":36,"column":24},"end":{"line":36,"column":29}},"23":{"start":{"line":40,"column":41},"end":{"line":138,"column":null}},"24":{"start":{"line":41,"column":2},"end":{"line":41,"column":null}},"25":{"start":{"line":41,"column":24},"end":{"line":41,"column":null}},"26":{"start":{"line":44,"column":22},"end":{"line":44,"column":null}},"27":{"start":{"line":44,"column":42},"end":{"line":44,"column":89}},"28":{"start":{"line":47,"column":20},"end":{"line":47,"column":null}},"29":{"start":{"line":48,"column":22},"end":{"line":48,"column":null}},"30":{"start":{"line":49,"column":22},"end":{"line":49,"column":null}},"31":{"start":{"line":53,"column":22},"end":{"line":53,"column":null}},"32":{"start":{"line":56,"column":29},"end":{"line":56,"column":null}},"33":{"start":{"line":58,"column":2},"end":{"line":74,"column":null}},"34":{"start":{"line":58,"column":15},"end":{"line":58,"column":18}},"35":{"start":{"line":59,"column":27},"end":{"line":59,"column":null}},"36":{"start":{"line":60,"column":34},"end":{"line":60,"column":null}},"37":{"start":{"line":61,"column":4},"end":{"line":72,"column":null}},"38":{"start":{"line":61,"column":17},"end":{"line":61,"column":20}},"39":{"start":{"line":62,"column":6},"end":{"line":71,"column":null}},"40":{"start":{"line":73,"column":4},"end":{"line":73,"column":null}},"41":{"start":{"line":77,"column":2},"end":{"line":88,"column":null}},"42":{"start":{"line":77,"column":15},"end":{"line":77,"column":18}},"43":{"start":{"line":78,"column":4},"end":{"line":87,"column":null}},"44":{"start":{"line":78,"column":17},"end":{"line":78,"column":20}},"45":{"start":{"line":79,"column":27},"end":{"line":79,"column":null}},"46":{"start":{"line":80,"column":29},"end":{"line":80,"column":null}},"47":{"start":{"line":81,"column":29},"end":{"line":81,"column":null}},"48":{"start":{"line":82,"column":23},"end":{"line":82,"column":null}},"49":{"start":{"line":84,"column":24},"end":{"line":84,"column":null}},"50":{"start":{"line":85,"column":6},"end":{"line":85,"column":null}},"51":{"start":{"line":86,"column":6},"end":{"line":86,"column":null}},"52":{"start":{"line":104,"column":17},"end":{"line":104,"column":null}},"53":{"start":{"line":107,"column":2},"end":{"line":135,"column":null}},"54":{"start":{"line":107,"column":15},"end":{"line":107,"column":18}},"55":{"start":{"line":110,"column":23},"end":{"line":110,"column":null}},"56":{"start":{"line":111,"column":23},"end":{"line":111,"column":null}},"57":{"start":{"line":114,"column":4},"end":{"line":117,"column":null}},"58":{"start":{"line":115,"column":6},"end":{"line":115,"column":null}},"59":{"start":{"line":116,"column":6},"end":{"line":116,"column":null}},"60":{"start":{"line":120,"column":4},"end":{"line":134,"column":null}},"61":{"start":{"line":121,"column":6},"end":{"line":121,"column":null}},"62":{"start":{"line":122,"column":6},"end":{"line":122,"column":null}},"63":{"start":{"line":125,"column":6},"end":{"line":125,"column":null}},"64":{"start":{"line":126,"column":6},"end":{"line":126,"column":null}},"65":{"start":{"line":129,"column":24},"end":{"line":129,"column":null}},"66":{"start":{"line":129,"column":47},"end":{"line":129,"column":78}},"67":{"start":{"line":130,"column":6},"end":{"line":133,"column":null}},"68":{"start":{"line":131,"column":8},"end":{"line":132,"column":null}},"69":{"start":{"line":131,"column":49},"end":{"line":131,"column":null}},"70":{"start":{"line":132,"column":13},"end":{"line":132,"column":null}},"71":{"start":{"line":137,"column":2},"end":{"line":137,"column":null}},"72":{"start":{"line":142,"column":33},"end":{"line":297,"column":null}},"73":{"start":{"line":144,"column":4},"end":{"line":144,"column":null}},"74":{"start":{"line":148,"column":4},"end":{"line":148,"column":null}},"75":{"start":{"line":148,"column":32},"end":{"line":148,"column":43}},"76":{"start":{"line":152,"column":24},"end":{"line":152,"column":null}},"77":{"start":{"line":153,"column":38},"end":{"line":166,"column":null}},"78":{"start":{"line":167,"column":4},"end":{"line":167,"column":null}},"79":{"start":{"line":168,"column":4},"end":{"line":168,"column":null}},"80":{"start":{"line":169,"column":4},"end":{"line":169,"column":null}},"81":{"start":{"line":173,"column":24},"end":{"line":173,"column":null}},"82":{"start":{"line":174,"column":21},"end":{"line":174,"column":null}},"83":{"start":{"line":174,"column":45},"end":{"line":174,"column":56}},"84":{"start":{"line":175,"column":4},"end":{"line":175,"column":null}},"85":{"start":{"line":179,"column":24},"end":{"line":179,"column":null}},"86":{"start":{"line":180,"column":17},"end":{"line":180,"column":null}},"87":{"start":{"line":180,"column":44},"end":{"line":180,"column":55}},"88":{"start":{"line":181,"column":4},"end":{"line":181,"column":null}},"89":{"start":{"line":181,"column":21},"end":{"line":181,"column":null}},"90":{"start":{"line":183,"column":23},"end":{"line":183,"column":null}},"91":{"start":{"line":185,"column":4},"end":{"line":187,"column":null}},"92":{"start":{"line":186,"column":6},"end":{"line":186,"column":null}},"93":{"start":{"line":189,"column":4},"end":{"line":189,"column":null}},"94":{"start":{"line":190,"column":4},"end":{"line":190,"column":null}},"95":{"start":{"line":192,"column":4},"end":{"line":192,"column":null}},"96":{"start":{"line":193,"column":4},"end":{"line":193,"column":null}},"97":{"start":{"line":194,"column":4},"end":{"line":194,"column":null}},"98":{"start":{"line":198,"column":24},"end":{"line":198,"column":null}},"99":{"start":{"line":199,"column":16},"end":{"line":199,"column":null}},"100":{"start":{"line":199,"column":43},"end":{"line":199,"column":64}},"101":{"start":{"line":200,"column":4},"end":{"line":200,"column":null}},"102":{"start":{"line":200,"column":20},"end":{"line":200,"column":null}},"103":{"start":{"line":202,"column":14},"end":{"line":202,"column":null}},"104":{"start":{"line":203,"column":4},"end":{"line":203,"column":null}},"105":{"start":{"line":203,"column":29},"end":{"line":203,"column":null}},"106":{"start":{"line":204,"column":4},"end":{"line":204,"column":null}},"107":{"start":{"line":204,"column":38},"end":{"line":204,"column":null}},"108":{"start":{"line":207,"column":4},"end":{"line":209,"column":null}},"109":{"start":{"line":207,"column":29},"end":{"line":207,"column":79}},"110":{"start":{"line":208,"column":7},"end":{"line":208,"column":null}},"111":{"start":{"line":211,"column":26},"end":{"line":216,"column":null}},"112":{"start":{"line":218,"column":4},"end":{"line":218,"column":null}},"113":{"start":{"line":219,"column":4},"end":{"line":219,"column":null}},"114":{"start":{"line":220,"column":4},"end":{"line":220,"column":null}},"115":{"start":{"line":221,"column":4},"end":{"line":221,"column":null}},"116":{"start":{"line":225,"column":24},"end":{"line":225,"column":null}},"117":{"start":{"line":226,"column":17},"end":{"line":226,"column":null}},"118":{"start":{"line":226,"column":44},"end":{"line":226,"column":65}},"119":{"start":{"line":227,"column":4},"end":{"line":227,"column":null}},"120":{"start":{"line":227,"column":21},"end":{"line":227,"column":null}},"121":{"start":{"line":229,"column":4},"end":{"line":229,"column":null}},"122":{"start":{"line":229,"column":45},"end":{"line":229,"column":null}},"123":{"start":{"line":231,"column":4},"end":{"line":231,"column":null}},"124":{"start":{"line":231,"column":66},"end":{"line":231,"column":81}},"125":{"start":{"line":232,"column":4},"end":{"line":232,"column":null}},"126":{"start":{"line":236,"column":24},"end":{"line":236,"column":null}},"127":{"start":{"line":237,"column":17},"end":{"line":237,"column":null}},"128":{"start":{"line":237,"column":44},"end":{"line":237,"column":65}},"129":{"start":{"line":238,"column":4},"end":{"line":238,"column":null}},"130":{"start":{"line":238,"column":21},"end":{"line":238,"column":null}},"131":{"start":{"line":240,"column":23},"end":{"line":240,"column":null}},"132":{"start":{"line":244,"column":15},"end":{"line":244,"column":null}},"133":{"start":{"line":246,"column":4},"end":{"line":253,"column":null}},"134":{"start":{"line":246,"column":17},"end":{"line":246,"column":20}},"135":{"start":{"line":247,"column":17},"end":{"line":247,"column":null}},"136":{"start":{"line":247,"column":49},"end":{"line":247,"column":65}},"137":{"start":{"line":248,"column":7},"end":{"line":252,"column":null}},"138":{"start":{"line":249,"column":9},"end":{"line":249,"column":null}},"139":{"start":{"line":250,"column":9},"end":{"line":250,"column":null}},"140":{"start":{"line":251,"column":9},"end":{"line":251,"column":null}},"141":{"start":{"line":255,"column":4},"end":{"line":255,"column":null}},"142":{"start":{"line":255,"column":16},"end":{"line":255,"column":null}},"143":{"start":{"line":258,"column":4},"end":{"line":258,"column":null}},"144":{"start":{"line":259,"column":4},"end":{"line":259,"column":null}},"145":{"start":{"line":260,"column":4},"end":{"line":260,"column":null}},"146":{"start":{"line":261,"column":4},"end":{"line":261,"column":null}},"147":{"start":{"line":264,"column":4},"end":{"line":291,"column":null}},"148":{"start":{"line":266,"column":6},"end":{"line":286,"column":null}},"149":{"start":{"line":266,"column":19},"end":{"line":266,"column":29}},"150":{"start":{"line":267,"column":26},"end":{"line":267,"column":null}},"151":{"start":{"line":267,"column":59},"end":{"line":267,"column":86}},"152":{"start":{"line":268,"column":8},"end":{"line":285,"column":null}},"153":{"start":{"line":269,"column":30},"end":{"line":269,"column":null}},"154":{"start":{"line":271,"column":10},"end":{"line":275,"column":null}},"155":{"start":{"line":272,"column":12},"end":{"line":272,"column":null}},"156":{"start":{"line":274,"column":12},"end":{"line":274,"column":null}},"157":{"start":{"line":278,"column":10},"end":{"line":283,"column":null}},"158":{"start":{"line":279,"column":13},"end":{"line":279,"column":null}},"159":{"start":{"line":280,"column":13},"end":{"line":280,"column":null}},"160":{"start":{"line":281,"column":13},"end":{"line":281,"column":null}},"161":{"start":{"line":282,"column":13},"end":{"line":282,"column":null}},"162":{"start":{"line":284,"column":10},"end":{"line":284,"column":null}},"163":{"start":{"line":289,"column":6},"end":{"line":289,"column":null}},"164":{"start":{"line":290,"column":6},"end":{"line":290,"column":null}},"165":{"start":{"line":293,"column":4},"end":{"line":293,"column":null}},"166":{"start":{"line":294,"column":4},"end":{"line":294,"column":null}},"167":{"start":{"line":295,"column":4},"end":{"line":295,"column":null}}},"fnMap":{"0":{"name":"(anonymous_0)","decl":{"start":{"line":6,"column":17},"end":{"line":6,"column":37}},"loc":{"start":{"line":6,"column":37},"end":{"line":14,"column":null}},"line":6},"1":{"name":"(anonymous_1)","decl":{"start":{"line":16,"column":17},"end":{"line":16,"column":18}},"loc":{"start":{"line":16,"column":41},"end":{"line":18,"column":null}},"line":16},"2":{"name":"(anonymous_2)","decl":{"start":{"line":22,"column":24},"end":{"line":22,"column":25}},"loc":{"start":{"line":22,"column":56},"end":{"line":37,"column":null}},"line":22},"3":{"name":"(anonymous_3)","decl":{"start":{"line":36,"column":19},"end":{"line":36,"column":24}},"loc":{"start":{"line":36,"column":24},"end":{"line":36,"column":29}},"line":36},"4":{"name":"(anonymous_4)","decl":{"start":{"line":40,"column":41},"end":{"line":40,"column":42}},"loc":{"start":{"line":40,"column":71},"end":{"line":138,"column":null}},"line":40},"5":{"name":"(anonymous_5)","decl":{"start":{"line":44,"column":38},"end":{"line":44,"column":39}},"loc":{"start":{"line":44,"column":42},"end":{"line":44,"column":89}},"line":44},"6":{"name":"(anonymous_6)","decl":{"start":{"line":129,"column":41},"end":{"line":129,"column":47}},"loc":{"start":{"line":129,"column":47},"end":{"line":129,"column":78}},"line":129},"7":{"name":"(anonymous_7)","decl":{"start":{"line":143,"column":10},"end":{"line":143,"column":30}},"loc":{"start":{"line":143,"column":30},"end":{"line":145,"column":null}},"line":143},"8":{"name":"(anonymous_8)","decl":{"start":{"line":147,"column":11},"end":{"line":147,"column":12}},"loc":{"start":{"line":147,"column":51},"end":{"line":149,"column":null}},"line":147},"9":{"name":"(anonymous_9)","decl":{"start":{"line":148,"column":27},"end":{"line":148,"column":32}},"loc":{"start":{"line":148,"column":32},"end":{"line":148,"column":43}},"line":148},"10":{"name":"(anonymous_10)","decl":{"start":{"line":151,"column":10},"end":{"line":151,"column":11}},"loc":{"start":{"line":151,"column":53},"end":{"line":170,"column":null}},"line":151},"11":{"name":"(anonymous_11)","decl":{"start":{"line":172,"column":10},"end":{"line":172,"column":11}},"loc":{"start":{"line":172,"column":32},"end":{"line":176,"column":null}},"line":172},"12":{"name":"(anonymous_12)","decl":{"start":{"line":174,"column":40},"end":{"line":174,"column":45}},"loc":{"start":{"line":174,"column":45},"end":{"line":174,"column":56}},"line":174},"13":{"name":"(anonymous_13)","decl":{"start":{"line":178,"column":19},"end":{"line":178,"column":20}},"loc":{"start":{"line":178,"column":74},"end":{"line":195,"column":null}},"line":178},"14":{"name":"(anonymous_14)","decl":{"start":{"line":180,"column":39},"end":{"line":180,"column":44}},"loc":{"start":{"line":180,"column":44},"end":{"line":180,"column":55}},"line":180},"15":{"name":"(anonymous_15)","decl":{"start":{"line":197,"column":11},"end":{"line":197,"column":12}},"loc":{"start":{"line":197,"column":127},"end":{"line":222,"column":null}},"line":197},"16":{"name":"(anonymous_16)","decl":{"start":{"line":199,"column":38},"end":{"line":199,"column":43}},"loc":{"start":{"line":199,"column":43},"end":{"line":199,"column":64}},"line":199},"17":{"name":"(anonymous_17)","decl":{"start":{"line":207,"column":21},"end":{"line":207,"column":29}},"loc":{"start":{"line":207,"column":29},"end":{"line":207,"column":79}},"line":207},"18":{"name":"(anonymous_18)","decl":{"start":{"line":224,"column":14},"end":{"line":224,"column":15}},"loc":{"start":{"line":224,"column":62},"end":{"line":233,"column":null}},"line":224},"19":{"name":"(anonymous_19)","decl":{"start":{"line":226,"column":39},"end":{"line":226,"column":44}},"loc":{"start":{"line":226,"column":44},"end":{"line":226,"column":65}},"line":226},"20":{"name":"(anonymous_20)","decl":{"start":{"line":231,"column":61},"end":{"line":231,"column":66}},"loc":{"start":{"line":231,"column":66},"end":{"line":231,"column":81}},"line":231},"21":{"name":"(anonymous_21)","decl":{"start":{"line":235,"column":15},"end":{"line":235,"column":16}},"loc":{"start":{"line":235,"column":127},"end":{"line":296,"column":null}},"line":235},"22":{"name":"(anonymous_22)","decl":{"start":{"line":237,"column":39},"end":{"line":237,"column":44}},"loc":{"start":{"line":237,"column":44},"end":{"line":237,"column":65}},"line":237},"23":{"name":"(anonymous_23)","decl":{"start":{"line":247,"column":44},"end":{"line":247,"column":49}},"loc":{"start":{"line":247,"column":49},"end":{"line":247,"column":65}},"line":247},"24":{"name":"(anonymous_24)","decl":{"start":{"line":267,"column":53},"end":{"line":267,"column":59}},"loc":{"start":{"line":267,"column":59},"end":{"line":267,"column":86}},"line":267}},"branchMap":{"0":{"loc":{"start":{"line":9,"column":11},"end":{"line":9,"column":null}},"type":"cond-expr","locations":[{"start":{"line":9,"column":22},"end":{"line":9,"column":45}},{"start":{"line":9,"column":45},"end":{"line":9,"column":null}}],"line":9},"1":{"loc":{"start":{"line":41,"column":2},"end":{"line":41,"column":null}},"type":"if","locations":[{"start":{"line":41,"column":2},"end":{"line":41,"column":null}},{"start":{},"end":{}}],"line":41},"2":{"loc":{"start":{"line":44,"column":49},"end":{"line":44,"column":71}},"type":"binary-expr","locations":[{"start":{"line":44,"column":49},"end":{"line":44,"column":65}},{"start":{"line":44,"column":65},"end":{"line":44,"column":71}}],"line":44},"3":{"loc":{"start":{"line":44,"column":71},"end":{"line":44,"column":89}},"type":"binary-expr","locations":[{"start":{"line":44,"column":71},"end":{"line":44,"column":87}},{"start":{"line":44,"column":87},"end":{"line":44,"column":89}}],"line":44},"4":{"loc":{"start":{"line":82,"column":23},"end":{"line":82,"column":null}},"type":"cond-expr","locations":[{"start":{"line":82,"column":37},"end":{"line":82,"column":43}},{"start":{"line":82,"column":43},"end":{"line":82,"column":null}}],"line":82},"5":{"loc":{"start":{"line":114,"column":4},"end":{"line":117,"column":null}},"type":"if","locations":[{"start":{"line":114,"column":4},"end":{"line":117,"column":null}},{"start":{},"end":{}}],"line":114},"6":{"loc":{"start":{"line":120,"column":4},"end":{"line":134,"column":null}},"type":"if","locations":[{"start":{"line":120,"column":4},"end":{"line":134,"column":null}},{"start":{"line":123,"column":11},"end":{"line":134,"column":null}}],"line":120},"7":{"loc":{"start":{"line":130,"column":6},"end":{"line":133,"column":null}},"type":"if","locations":[{"start":{"line":130,"column":6},"end":{"line":133,"column":null}},{"start":{},"end":{}}],"line":130},"8":{"loc":{"start":{"line":130,"column":10},"end":{"line":130,"column":40}},"type":"binary-expr","locations":[{"start":{"line":130,"column":10},"end":{"line":130,"column":23}},{"start":{"line":130,"column":23},"end":{"line":130,"column":40}}],"line":130},"9":{"loc":{"start":{"line":131,"column":8},"end":{"line":132,"column":null}},"type":"if","locations":[{"start":{"line":131,"column":8},"end":{"line":132,"column":null}},{"start":{"line":132,"column":13},"end":{"line":132,"column":null}}],"line":131},"10":{"loc":{"start":{"line":155,"column":12},"end":{"line":155,"column":null}},"type":"binary-expr","locations":[{"start":{"line":155,"column":12},"end":{"line":155,"column":33}},{"start":{"line":155,"column":33},"end":{"line":155,"column":null}}],"line":155},"11":{"loc":{"start":{"line":156,"column":19},"end":{"line":156,"column":null}},"type":"binary-expr","locations":[{"start":{"line":156,"column":19},"end":{"line":156,"column":39}},{"start":{"line":156,"column":39},"end":{"line":156,"column":null}}],"line":156},"12":{"loc":{"start":{"line":158,"column":14},"end":{"line":158,"column":null}},"type":"binary-expr","locations":[{"start":{"line":158,"column":14},"end":{"line":158,"column":29}},{"start":{"line":158,"column":29},"end":{"line":158,"column":null}}],"line":158},"13":{"loc":{"start":{"line":159,"column":16},"end":{"line":159,"column":null}},"type":"binary-expr","locations":[{"start":{"line":159,"column":16},"end":{"line":159,"column":33}},{"start":{"line":159,"column":33},"end":{"line":159,"column":null}}],"line":159},"14":{"loc":{"start":{"line":160,"column":16},"end":{"line":160,"column":null}},"type":"binary-expr","locations":[{"start":{"line":160,"column":16},"end":{"line":160,"column":33}},{"start":{"line":160,"column":33},"end":{"line":160,"column":null}}],"line":160},"15":{"loc":{"start":{"line":162,"column":17},"end":{"line":162,"column":null}},"type":"binary-expr","locations":[{"start":{"line":162,"column":17},"end":{"line":162,"column":35}},{"start":{"line":162,"column":22},"end":{"line":162,"column":null}}],"line":162},"16":{"loc":{"start":{"line":163,"column":17},"end":{"line":163,"column":null}},"type":"binary-expr","locations":[{"start":{"line":163,"column":17},"end":{"line":163,"column":35}},{"start":{"line":163,"column":35},"end":{"line":163,"column":null}}],"line":163},"17":{"loc":{"start":{"line":181,"column":4},"end":{"line":181,"column":null}},"type":"if","locations":[{"start":{"line":181,"column":4},"end":{"line":181,"column":null}},{"start":{},"end":{}}],"line":181},"18":{"loc":{"start":{"line":185,"column":4},"end":{"line":187,"column":null}},"type":"if","locations":[{"start":{"line":185,"column":4},"end":{"line":187,"column":null}},{"start":{},"end":{}}],"line":185},"19":{"loc":{"start":{"line":200,"column":4},"end":{"line":200,"column":null}},"type":"if","locations":[{"start":{"line":200,"column":4},"end":{"line":200,"column":null}},{"start":{},"end":{}}],"line":200},"20":{"loc":{"start":{"line":203,"column":4},"end":{"line":203,"column":null}},"type":"if","locations":[{"start":{"line":203,"column":4},"end":{"line":203,"column":null}},{"start":{},"end":{}}],"line":203},"21":{"loc":{"start":{"line":204,"column":4},"end":{"line":204,"column":null}},"type":"if","locations":[{"start":{"line":204,"column":4},"end":{"line":204,"column":null}},{"start":{},"end":{}}],"line":204},"22":{"loc":{"start":{"line":207,"column":4},"end":{"line":209,"column":null}},"type":"if","locations":[{"start":{"line":207,"column":4},"end":{"line":209,"column":null}},{"start":{},"end":{}}],"line":207},"23":{"loc":{"start":{"line":227,"column":4},"end":{"line":227,"column":null}},"type":"if","locations":[{"start":{"line":227,"column":4},"end":{"line":227,"column":null}},{"start":{},"end":{}}],"line":227},"24":{"loc":{"start":{"line":229,"column":4},"end":{"line":229,"column":null}},"type":"if","locations":[{"start":{"line":229,"column":4},"end":{"line":229,"column":null}},{"start":{},"end":{}}],"line":229},"25":{"loc":{"start":{"line":238,"column":4},"end":{"line":238,"column":null}},"type":"if","locations":[{"start":{"line":238,"column":4},"end":{"line":238,"column":null}},{"start":{},"end":{}}],"line":238},"26":{"loc":{"start":{"line":248,"column":7},"end":{"line":252,"column":null}},"type":"if","locations":[{"start":{"line":248,"column":7},"end":{"line":252,"column":null}},{"start":{},"end":{}}],"line":248},"27":{"loc":{"start":{"line":255,"column":4},"end":{"line":255,"column":null}},"type":"if","locations":[{"start":{"line":255,"column":4},"end":{"line":255,"column":null}},{"start":{},"end":{}}],"line":255},"28":{"loc":{"start":{"line":264,"column":4},"end":{"line":291,"column":null}},"type":"if","locations":[{"start":{"line":264,"column":4},"end":{"line":291,"column":null}},{"start":{"line":287,"column":11},"end":{"line":291,"column":null}}],"line":264},"29":{"loc":{"start":{"line":268,"column":8},"end":{"line":285,"column":null}},"type":"if","locations":[{"start":{"line":268,"column":8},"end":{"line":285,"column":null}},{"start":{},"end":{}}],"line":268},"30":{"loc":{"start":{"line":269,"column":30},"end":{"line":269,"column":null}},"type":"cond-expr","locations":[{"start":{"line":269,"column":61},"end":{"line":269,"column":75}},{"start":{"line":269,"column":75},"end":{"line":269,"column":null}}],"line":269},"31":{"loc":{"start":{"line":271,"column":10},"end":{"line":275,"column":null}},"type":"if","locations":[{"start":{"line":271,"column":10},"end":{"line":275,"column":null}},{"start":{"line":273,"column":17},"end":{"line":275,"column":null}}],"line":271},"32":{"loc":{"start":{"line":278,"column":10},"end":{"line":283,"column":null}},"type":"if","locations":[{"start":{"line":278,"column":10},"end":{"line":283,"column":null}},{"start":{},"end":{}}],"line":278}},"s":{"0":1,"1":1,"2":1,"3":1,"4":1,"5":0,"6":0,"7":1,"8":0,"9":1,"10":0,"11":0,"12":0,"13":0,"14":0,"15":0,"16":0,"17":0,"18":0,"19":0,"20":0,"21":0,"22":0,"23":1,"24":0,"25":0,"26":0,"27":0,"28":0,"29":0,"30":0,"31":0,"32":0,"33":0,"34":0,"35":0,"36":0,"37":0,"38":0,"39":0,"40":0,"41":0,"42":0,"43":0,"44":0,"45":0,"46":0,"47":0,"48":0,"49":0,"50":0,"51":0,"52":0,"53":0,"54":0,"55":0,"56":0,"57":0,"58":0,"59":0,"60":0,"61":0,"62":0,"63":0,"64":0,"65":0,"66":0,"67":0,"68":0,"69":0,"70":0,"71":0,"72":1,"73":1,"74":0,"75":0,"76":0,"77":0,"78":0,"79":0,"80":0,"81":0,"82":0,"83":0,"84":0,"85":0,"86":0,"87":0,"88":0,"89":0,"90":0,"91":0,"92":0,"93":0,"94":0,"95":0,"96":0,"97":0,"98":0,"99":0,"100":0,"101":0,"102":0,"103":0,"104":0,"105":0,"106":0,"107":0,"108":0,"109":0,"110":0,"111":0,"112":0,"113":0,"114":0,"115":0,"116":0,"117":0,"118":0,"119":0,"120":0,"121":0,"122":0,"123":0,"124":0,"125":0,"126":0,"127":0,"128":0,"129":0,"130":0,"131":0,"132":0,"133":0,"134":0,"135":0,"136":0,"137":0,"138":0,"139":0,"140":0,"141":0,"142":0,"143":0,"144":0,"145":0,"146":0,"147":0,"148":0,"149":0,"150":0,"151":0,"152":0,"153":0,"154":0,"155":0,"156":0,"157":0,"158":0,"159":0,"160":0,"161":0,"162":0,"163":0,"164":0,"165":0,"166":0,"167":0},"f":{"0":1,"1":0,"2":0,"3":0,"4":0,"5":0,"6":0,"7":1,"8":0,"9":0,"10":0,"11":0,"12":0,"13":0,"14":0,"15":0,"16":0,"17":0,"18":0,"19":0,"20":0,"21":0,"22":0,"23":0,"24":0},"b":{"0":[0,1],"1":[0,0],"2":[0,0],"3":[0,0],"4":[0,0],"5":[0,0],"6":[0,0],"7":[0,0],"8":[0,0],"9":[0,0],"10":[0,0],"11":[0,0],"12":[0,0],"13":[0,0],"14":[0,0],"15":[0,0],"16":[0,0],"17":[0,0],"18":[0,0],"19":[0,0],"20":[0,0],"21":[0,0],"22":[0,0],"23":[0,0],"24":[0,0],"25":[0,0],"26":[0,0],"27":[0,0],"28":[0,0],"29":[0,0],"30":[0,0],"31":[0,0],"32":[0,0]},"meta":{"lastBranch":33,"lastFunction":25,"lastStatement":168,"seen":{"s:3:20:3:Infinity":0,"s:6:17:14:Infinity":1,"f:6:17:6:37":0,"s:7:2:13:Infinity":2,"s:8:21:8:Infinity":3,"s:9:4:9:Infinity":4,"b:9:22:9:45:9:45:9:Infinity":0,"s:11:4:11:Infinity":5,"s:12:4:12:Infinity":6,"s:16:17:18:Infinity":7,"f:16:17:16:18":1,"s:17:2:17:Infinity":8,"s:22:24:37:Infinity":9,"f:22:24:22:25":2,"s:23:15:23:Infinity":10,"s:24:14:24:Infinity":11,"s:26:2:34:Infinity":12,"s:26:15:26:18":13,"s:27:30:27:Infinity":14,"s:28:16:28:Infinity":15,"s:29:4:32:Infinity":16,"s:29:17:29:20":17,"s:30:6:30:Infinity":18,"s:31:6:31:Infinity":19,"s:33:4:33:Infinity":20,"s:36:2:36:Infinity":21,"f:36:19:36:24":3,"s:36:24:36:29":22,"s:40:41:138:Infinity":23,"f:40:41:40:42":4,"b:41:2:41:Infinity:undefined:undefined:undefined:undefined":1,"s:41:2:41:Infinity":24,"s:41:24:41:Infinity":25,"s:44:22:44:Infinity":26,"f:44:38:44:39":5,"s:44:42:44:89":27,"b:44:49:44:65:44:65:44:71":2,"b:44:71:44:87:44:87:44:89":3,"s:47:20:47:Infinity":28,"s:48:22:48:Infinity":29,"s:49:22:49:Infinity":30,"s:53:22:53:Infinity":31,"s:56:29:56:Infinity":32,"s:58:2:74:Infinity":33,"s:58:15:58:18":34,"s:59:27:59:Infinity":35,"s:60:34:60:Infinity":36,"s:61:4:72:Infinity":37,"s:61:17:61:20":38,"s:62:6:71:Infinity":39,"s:73:4:73:Infinity":40,"s:77:2:88:Infinity":41,"s:77:15:77:18":42,"s:78:4:87:Infinity":43,"s:78:17:78:20":44,"s:79:27:79:Infinity":45,"s:80:29:80:Infinity":46,"s:81:29:81:Infinity":47,"s:82:23:82:Infinity":48,"b:82:37:82:43:82:43:82:Infinity":4,"s:84:24:84:Infinity":49,"s:85:6:85:Infinity":50,"s:86:6:86:Infinity":51,"s:104:17:104:Infinity":52,"s:107:2:135:Infinity":53,"s:107:15:107:18":54,"s:110:23:110:Infinity":55,"s:111:23:111:Infinity":56,"b:114:4:117:Infinity:undefined:undefined:undefined:undefined":5,"s:114:4:117:Infinity":57,"s:115:6:115:Infinity":58,"s:116:6:116:Infinity":59,"b:120:4:134:Infinity:123:11:134:Infinity":6,"s:120:4:134:Infinity":60,"s:121:6:121:Infinity":61,"s:122:6:122:Infinity":62,"s:125:6:125:Infinity":63,"s:126:6:126:Infinity":64,"s:129:24:129:Infinity":65,"f:129:41:129:47":6,"s:129:47:129:78":66,"b:130:6:133:Infinity:undefined:undefined:undefined:undefined":7,"s:130:6:133:Infinity":67,"b:130:10:130:23:130:23:130:40":8,"b:131:8:132:Infinity:132:13:132:Infinity":9,"s:131:8:132:Infinity":68,"s:131:49:131:Infinity":69,"s:132:13:132:Infinity":70,"s:137:2:137:Infinity":71,"s:142:33:297:Infinity":72,"f:143:10:143:30":7,"s:144:4:144:Infinity":73,"f:147:11:147:12":8,"s:148:4:148:Infinity":74,"f:148:27:148:32":9,"s:148:32:148:43":75,"f:151:10:151:11":10,"s:152:24:152:Infinity":76,"s:153:38:166:Infinity":77,"b:155:12:155:33:155:33:155:Infinity":10,"b:156:19:156:39:156:39:156:Infinity":11,"b:158:14:158:29:158:29:158:Infinity":12,"b:159:16:159:33:159:33:159:Infinity":13,"b:160:16:160:33:160:33:160:Infinity":14,"b:162:17:162:35:162:22:162:Infinity":15,"b:163:17:163:35:163:35:163:Infinity":16,"s:167:4:167:Infinity":78,"s:168:4:168:Infinity":79,"s:169:4:169:Infinity":80,"f:172:10:172:11":11,"s:173:24:173:Infinity":81,"s:174:21:174:Infinity":82,"f:174:40:174:45":12,"s:174:45:174:56":83,"s:175:4:175:Infinity":84,"f:178:19:178:20":13,"s:179:24:179:Infinity":85,"s:180:17:180:Infinity":86,"f:180:39:180:44":14,"s:180:44:180:55":87,"b:181:4:181:Infinity:undefined:undefined:undefined:undefined":17,"s:181:4:181:Infinity":88,"s:181:21:181:Infinity":89,"s:183:23:183:Infinity":90,"b:185:4:187:Infinity:undefined:undefined:undefined:undefined":18,"s:185:4:187:Infinity":91,"s:186:6:186:Infinity":92,"s:189:4:189:Infinity":93,"s:190:4:190:Infinity":94,"s:192:4:192:Infinity":95,"s:193:4:193:Infinity":96,"s:194:4:194:Infinity":97,"f:197:11:197:12":15,"s:198:24:198:Infinity":98,"s:199:16:199:Infinity":99,"f:199:38:199:43":16,"s:199:43:199:64":100,"b:200:4:200:Infinity:undefined:undefined:undefined:undefined":19,"s:200:4:200:Infinity":101,"s:200:20:200:Infinity":102,"s:202:14:202:Infinity":103,"b:203:4:203:Infinity:undefined:undefined:undefined:undefined":20,"s:203:4:203:Infinity":104,"s:203:29:203:Infinity":105,"b:204:4:204:Infinity:undefined:undefined:undefined:undefined":21,"s:204:4:204:Infinity":106,"s:204:38:204:Infinity":107,"b:207:4:209:Infinity:undefined:undefined:undefined:undefined":22,"s:207:4:209:Infinity":108,"f:207:21:207:29":17,"s:207:29:207:79":109,"s:208:7:208:Infinity":110,"s:211:26:216:Infinity":111,"s:218:4:218:Infinity":112,"s:219:4:219:Infinity":113,"s:220:4:220:Infinity":114,"s:221:4:221:Infinity":115,"f:224:14:224:15":18,"s:225:24:225:Infinity":116,"s:226:17:226:Infinity":117,"f:226:39:226:44":19,"s:226:44:226:65":118,"b:227:4:227:Infinity:undefined:undefined:undefined:undefined":23,"s:227:4:227:Infinity":119,"s:227:21:227:Infinity":120,"b:229:4:229:Infinity:undefined:undefined:undefined:undefined":24,"s:229:4:229:Infinity":121,"s:229:45:229:Infinity":122,"s:231:4:231:Infinity":123,"f:231:61:231:66":20,"s:231:66:231:81":124,"s:232:4:232:Infinity":125,"f:235:15:235:16":21,"s:236:24:236:Infinity":126,"s:237:17:237:Infinity":127,"f:237:39:237:44":22,"s:237:44:237:65":128,"b:238:4:238:Infinity:undefined:undefined:undefined:undefined":25,"s:238:4:238:Infinity":129,"s:238:21:238:Infinity":130,"s:240:23:240:Infinity":131,"s:244:15:244:Infinity":132,"s:246:4:253:Infinity":133,"s:246:17:246:20":134,"s:247:17:247:Infinity":135,"f:247:44:247:49":23,"s:247:49:247:65":136,"b:248:7:252:Infinity:undefined:undefined:undefined:undefined":26,"s:248:7:252:Infinity":137,"s:249:9:249:Infinity":138,"s:250:9:250:Infinity":139,"s:251:9:251:Infinity":140,"b:255:4:255:Infinity:undefined:undefined:undefined:undefined":27,"s:255:4:255:Infinity":141,"s:255:16:255:Infinity":142,"s:258:4:258:Infinity":143,"s:259:4:259:Infinity":144,"s:260:4:260:Infinity":145,"s:261:4:261:Infinity":146,"b:264:4:291:Infinity:287:11:291:Infinity":28,"s:264:4:291:Infinity":147,"s:266:6:286:Infinity":148,"s:266:19:266:29":149,"s:267:26:267:Infinity":150,"f:267:53:267:59":24,"s:267:59:267:86":151,"b:268:8:285:Infinity:undefined:undefined:undefined:undefined":29,"s:268:8:285:Infinity":152,"s:269:30:269:Infinity":153,"b:269:61:269:75:269:75:269:Infinity":30,"b:271:10:275:Infinity:273:17:275:Infinity":31,"s:271:10:275:Infinity":154,"s:272:12:272:Infinity":155,"s:274:12:274:Infinity":156,"b:278:10:283:Infinity:undefined:undefined:undefined:undefined":32,"s:278:10:283:Infinity":157,"s:279:13:279:Infinity":158,"s:280:13:280:Infinity":159,"s:281:13:281:Infinity":160,"s:282:13:282:Infinity":161,"s:284:10:284:Infinity":162,"s:289:6:289:Infinity":163,"s:290:6:290:Infinity":164,"s:293:4:293:Infinity":165,"s:294:4:294:Infinity":166,"s:295:4:295:Infinity":167}}}
}
